12:04:09 **** Build of configuration Debug for project helloWorld_debug ****
make all 
Building file: ../main.c
Invoking: Sourcery CodeBench C Compiler
arm-none-eabi-gcc -O0 -g3 -Wall -c -fmessage-length=0 -fno-common -MMD -MP -MF"main.d" -MT"main.d" -mcpu=cortex-a9 -o "main.o" "../main.c"
Finished building: ../main.c
 
Building target: helloWorld_debug
Invoking: Sourcery CodeBench C Linker
arm-none-eabi-gcc -Xlinker -Map="helloWorld_debug.map" -mcpu=cortex-a9 -o "helloWorld_debug" "@objs.rsp" "@user_objs.rsp" "@libs.rsp"
/home/uzair/mgc/embedded/codebench/bin/../lib/gcc/arm-none-eabi/4.9.1/../../../../arm-none-eabi/bin/ld: warning: cannot find entry symbol _start; defaulting to 00008018
/home/uzair/mgc/embedded/codebench/bin/../lib/gcc/arm-none-eabi/4.9.1/../../../../arm-none-eabi/lib/armv5te/libc.a(lib_a-stdio.o): In function `__sread':
stdio.c:(.text+0x14): undefined reference to `_read'
/home/uzair/mgc/embedded/codebench/bin/../lib/gcc/arm-none-eabi/4.9.1/../../../../arm-none-eabi/lib/armv5te/libc.a(lib_a-stdio.o): In function `__sseek':
stdio.c:(.text+0x4c): undefined reference to `_lseek'
/home/uzair/mgc/embedded/codebench/bin/../lib/gcc/arm-none-eabi/4.9.1/../../../../arm-none-eabi/lib/armv5te/libc.a(lib_a-stdio.o): In function `__swrite':
stdio.c:(.text+0x98): undefined reference to `_lseek'
stdio.c:(.text+0xb8): undefined reference to `_write'
/home/uzair/mgc/embedded/codebench/bin/../lib/gcc/arm-none-eabi/4.9.1/../../../../arm-none-eabi/lib/armv5te/libc.a(lib_a-stdio.o): In function `__sclose':
stdio.c:(.text+0xc0): undefined reference to `_close'
/home/uzair/mgc/embedded/codebench/bin/../lib/gcc/arm-none-eabi/4.9.1/../../../../arm-none-eabi/lib/armv5te/libc.a(lib_a-makebuf.o): In function `__smakebuf_r':
makebuf.c:(.text+0x80): undefined reference to `_fstat'
/home/uzair/mgc/embedded/codebench/bin/../lib/gcc/arm-none-eabi/4.9.1/../../../../arm-none-eabi/lib/armv5te/libc.a(lib_a-__stdiobufferinghelp.o): In function `__init_stdio_buffer':
__stdiobufferinghelp.c:(.text+0x78): undefined reference to `_isatty'
/home/uzair/mgc/embedded/codebench/bin/../lib/gcc/arm-none-eabi/4.9.1/../../../../arm-none-eabi/lib/armv5te/libc.a(lib_a-freer.o): In function `_malloc_trim_r':
mallocr.c:(.text+0x54): undefined reference to `_sbrk'
mallocr.c:(.text+0x6c): undefined reference to `_sbrk'
mallocr.c:(.text+0x7c): undefined reference to `_sbrk'
/home/uzair/mgc/embedded/codebench/bin/../lib/gcc/arm-none-eabi/4.9.1/../../../../arm-none-eabi/lib/armv5te/libc.a(lib_a-mallocr.o): In function `_malloc_r':
mallocr.c:(.text+0x454): undefined reference to `_sbrk'
mallocr.c:(.text+0x4f4): undefined reference to `_sbrk'
collect2: error: ld returned 1 exit status
make: *** [helloWorld_debug] Error 1

12:04:09 Build Finished (took 159ms)

