CACHE_CONFIG 
total_cache_size:8192B..cache_block_size:8B..num_of_sets:512..num_of_ways:2..write_back:1..write_allocate:1..level:1..evict_policy:0

cache miss for 0x2147616736x..tag=0x00080020...set=252
cache hit for 0x2147616740x..tag=0x00080020..set=252
cache miss for 0x2147616744x..tag=0x00080020...set=253
cache hit for 0x2147616748x..tag=0x00080020..set=253
cache miss for 0x2147616752x..tag=0x00080020...set=254
cache hit for 0x2147616756x..tag=0x00080020..set=254
cache miss for 0x2147616760x..tag=0x00080020...set=255
cache hit for 0x2147616764x..tag=0x00080020..set=255
cache miss for 0x2147616768x..tag=0x00080020...set=256
cache hit for 0x2147616772x..tag=0x00080020..set=256
cache miss for 0x2147517888x..tag=0x00080008...set=184
cache miss for 0x2147591316x..tag=0x0008001a...set=146
cache miss for 0x2147591320x..tag=0x0008001a...set=147
cache hit for 0x2147591324x..tag=0x0008001a..set=147
cache miss for 0x2147591328x..tag=0x0008001a...set=148
cache hit for 0x2147591332x..tag=0x0008001a..set=148
cache miss for 0x2147591336x..tag=0x0008001a...set=149
cache hit for 0x2147591340x..tag=0x0008001a..set=149
cache miss for 0x2147591344x..tag=0x0008001a...set=150
cache hit for 0x2147591348x..tag=0x0008001a..set=150
cache miss for 0x2147591352x..tag=0x0008001a...set=151
cache hit for 0x2147591356x..tag=0x0008001a..set=151
cache hit for 0x2147517892x..tag=0x00080008..set=184
cache miss for 0x2147517896x..tag=0x00080008...set=185
cache hit for 0x2147517900x..tag=0x00080008..set=185
cache miss for 0x2147517904x..tag=0x00080008...set=186
cache hit for 0x2147517908x..tag=0x00080008..set=186
cache miss for 0x2147517912x..tag=0x00080008...set=187
cache miss for 0x2147517936x..tag=0x00080008...set=190
cache hit for 0x2147517940x..tag=0x00080008..set=190
cache miss for 0x2147517944x..tag=0x00080008...set=191
cache miss for 0x2147518200x..tag=0x00080008...set=223
cache hit for 0x2147518204x..tag=0x00080008..set=223
cache miss for 0x2147518208x..tag=0x00080008...set=224
cache hit for 0x2147518212x..tag=0x00080008..set=224
cache miss for 0x2147518216x..tag=0x00080008...set=225
cache hit for 0x2147518220x..tag=0x00080008..set=225
cache miss for 0x2147518224x..tag=0x00080008...set=226
cache hit for 0x2147518228x..tag=0x00080008..set=226
cache miss for 0x2147518232x..tag=0x00080008...set=227
cache hit for 0x2147518236x..tag=0x00080008..set=227
cache miss for 0x2147518240x..tag=0x00080008...set=228
cache hit for 0x2147518244x..tag=0x00080008..set=228
cache hit for 0x2147518220x..tag=0x00080008..set=225
cache hit for 0x2147518224x..tag=0x00080008..set=226
cache hit for 0x2147518228x..tag=0x00080008..set=226
cache hit for 0x2147518232x..tag=0x00080008..set=227
cache hit for 0x2147518236x..tag=0x00080008..set=227
cache hit for 0x2147518240x..tag=0x00080008..set=228
cache hit for 0x2147518244x..tag=0x00080008..set=228
cache hit for 0x2147518220x..tag=0x00080008..set=225
cache hit for 0x2147518224x..tag=0x00080008..set=226
cache hit for 0x2147518228x..tag=0x00080008..set=226
cache hit for 0x2147518232x..tag=0x00080008..set=227
cache hit for 0x2147518236x..tag=0x00080008..set=227
cache hit for 0x2147518240x..tag=0x00080008..set=228
cache hit for 0x2147518244x..tag=0x00080008..set=228
cache hit for 0x2147518220x..tag=0x00080008..set=225
cache hit for 0x2147518224x..tag=0x00080008..set=226
cache hit for 0x2147518228x..tag=0x00080008..set=226
cache hit for 0x2147518232x..tag=0x00080008..set=227
cache hit for 0x2147518236x..tag=0x00080008..set=227
cache hit for 0x2147518240x..tag=0x00080008..set=228
cache hit for 0x2147518244x..tag=0x00080008..set=228
cache hit for 0x2147518220x..tag=0x00080008..set=225
cache hit for 0x2147518224x..tag=0x00080008..set=226
cache hit for 0x2147518228x..tag=0x00080008..set=226
cache hit for 0x2147518232x..tag=0x00080008..set=227
cache miss for 0x2147518252x..tag=0x00080008...set=229
cache hit for 0x2147517948x..tag=0x00080008..set=191
cache miss for 0x2147517952x..tag=0x00080008...set=192
cache hit for 0x2147517956x..tag=0x00080008..set=192
cache miss for 0x2147517960x..tag=0x00080008...set=193
cache hit for 0x2147517964x..tag=0x00080008..set=193
cache miss for 0x2147517968x..tag=0x00080008...set=194
cache hit for 0x2147517972x..tag=0x00080008..set=194
cache miss for 0x2147517976x..tag=0x00080008...set=195
cache hit for 0x2147517980x..tag=0x00080008..set=195
cache miss for 0x2147517984x..tag=0x00080008...set=196
cache hit for 0x2147517988x..tag=0x00080008..set=196
cache miss for 0x2147517992x..tag=0x00080008...set=197
cache miss for 0x2152725484x..tag=0x000804ff...set=381
cache miss for 0x2147609144x..tag=0x0008001e...set=327
cache hit for 0x2147609148x..tag=0x0008001e..set=327
cache miss for 0x2147609152x..tag=0x0008001e...set=328
cache hit for 0x2147609156x..tag=0x0008001e..set=328
cache miss for 0x2147609160x..tag=0x0008001e...set=329
cache hit for 0x2147609164x..tag=0x0008001e..set=329
cache miss for 0x2147609168x..tag=0x0008001e...set=330
cache hit for 0x2147609172x..tag=0x0008001e..set=330
cache miss for 0x2147609176x..tag=0x0008001e...set=331
cache hit for 0x2147609180x..tag=0x0008001e..set=331
cache miss for 0x2147606864x..tag=0x0008001e...set=42
cache hit for 0x2147606868x..tag=0x0008001e..set=42
cache miss for 0x2147606872x..tag=0x0008001e...set=43
cache hit for 0x2147606876x..tag=0x0008001e..set=43
cache miss for 0x2147606880x..tag=0x0008001e...set=44
cache hit for 0x2147606884x..tag=0x0008001e..set=44
cache miss for 0x2147606888x..tag=0x0008001e...set=45
cache miss for 0x2147606916x..tag=0x0008001e...set=48
cache miss for 0x2147606920x..tag=0x0008001e...set=49
cache hit for 0x2147606924x..tag=0x0008001e..set=49
cache miss for 0x2147606928x..tag=0x0008001e...set=50
cache hit for 0x2147606932x..tag=0x0008001e..set=50
cache miss for 0x2147607020x..tag=0x0008001e...set=61
cache miss for 0x2147607024x..tag=0x0008001e...set=62
cache hit for 0x2147607028x..tag=0x0008001e..set=62
cache miss for 0x2147607032x..tag=0x0008001e...set=63
cache hit for 0x2147607036x..tag=0x0008001e..set=63
cache miss for 0x2147607040x..tag=0x0008001e...set=64
cache hit for 0x2147607044x..tag=0x0008001e..set=64
cache miss for 0x2147607048x..tag=0x0008001e...set=65
cache miss for 0x2147609184x..tag=0x0008001e...set=332
cache hit for 0x2147609188x..tag=0x0008001e..set=332
cache miss for 0x2147609192x..tag=0x0008001e...set=333
cache hit for 0x2147609196x..tag=0x0008001e..set=333
cache miss for 0x2147609200x..tag=0x0008001e...set=334
cache hit for 0x2147609204x..tag=0x0008001e..set=334
cache miss for 0x2147609208x..tag=0x0008001e...set=335
cache hit for 0x2147609212x..tag=0x0008001e..set=335
cache miss for 0x2147609216x..tag=0x0008001e...set=336
cache hit for 0x2147609220x..tag=0x0008001e..set=336
cache miss for 0x2147609224x..tag=0x0008001e...set=337
cache hit for 0x2147609228x..tag=0x0008001e..set=337
cache miss for 0x2147609236x..tag=0x0008001e...set=338
cache miss for 0x2147609240x..tag=0x0008001e...set=339
cache hit for 0x2147609244x..tag=0x0008001e..set=339
cache miss for 0x2147609248x..tag=0x0008001e...set=340
cache hit for 0x2147609252x..tag=0x0008001e..set=340
cache miss for 0x2147609256x..tag=0x0008001e...set=341
cache hit for 0x2147609260x..tag=0x0008001e..set=341
cache miss for 0x2147609264x..tag=0x0008001e...set=342
cache hit for 0x2147609268x..tag=0x0008001e..set=342
cache miss for 0x2147609272x..tag=0x0008001e...set=343
cache hit for 0x2147609276x..tag=0x0008001e..set=343
cache miss for 0x2147609280x..tag=0x0008001e...set=344
cache hit for 0x2147609284x..tag=0x0008001e..set=344
cache miss for 0x2147609288x..tag=0x0008001e...set=345
cache hit for 0x2147609292x..tag=0x0008001e..set=345
cache miss for 0x2147609296x..tag=0x0008001e...set=346
cache hit for 0x2147609300x..tag=0x0008001e..set=346
cache miss for 0x2147609304x..tag=0x0008001e...set=347
cache hit for 0x2147609308x..tag=0x0008001e..set=347
cache miss for 0x2147609312x..tag=0x0008001e...set=348
cache hit for 0x2147609316x..tag=0x0008001e..set=348
cache miss for 0x2147609320x..tag=0x0008001e...set=349
cache miss for 0x2147609344x..tag=0x0008001e...set=352
cache hit for 0x2147609348x..tag=0x0008001e..set=352
cache miss for 0x2147609352x..tag=0x0008001e...set=353
cache hit for 0x2147609356x..tag=0x0008001e..set=353
cache miss for 0x2147609360x..tag=0x0008001e...set=354
cache hit for 0x2147609364x..tag=0x0008001e..set=354
cache miss for 0x2147518020x..tag=0x00080008...set=200
cache miss for 0x2147518024x..tag=0x00080008...set=201
cache hit for 0x2147518028x..tag=0x00080008..set=201
cache miss for 0x2147518032x..tag=0x00080008...set=202
cache hit for 0x2147518036x..tag=0x00080008..set=202
cache miss for 0x2152722024x..tag=0x000804fe...set=461
cache hit for 0x2152722028x..tag=0x000804fe..set=461
cache miss for 0x2152722032x..tag=0x000804fe...set=462
cache hit for 0x2152722036x..tag=0x000804fe..set=462
cache miss for 0x2152722040x..tag=0x000804fe...set=463
cache hit for 0x2152722044x..tag=0x000804fe..set=463
cache miss for 0x2152722048x..tag=0x000804fe...set=464
cache hit for 0x2152722052x..tag=0x000804fe..set=464
cache hit for 0x2147517996x..tag=0x00080008..set=197
cache miss for 0x2147518000x..tag=0x00080008...set=198
cache hit for 0x2147518004x..tag=0x00080008..set=198
cache miss for 0x2147567752x..tag=0x00080014...set=273
cache hit for 0x2147567756x..tag=0x00080014..set=273
cache miss for 0x2147567760x..tag=0x00080014...set=274
cache hit for 0x2147567764x..tag=0x00080014..set=274
cache miss for 0x2147567768x..tag=0x00080014...set=275
cache hit for 0x2147567772x..tag=0x00080014..set=275
cache miss for 0x2147567776x..tag=0x00080014...set=276
cache miss for 0x2147608896x..tag=0x0008001e...set=296
cache hit for 0x2147608900x..tag=0x0008001e..set=296
cache miss for 0x2147608904x..tag=0x0008001e...set=297
cache hit for 0x2147608908x..tag=0x0008001e..set=297
cache miss for 0x2147608912x..tag=0x0008001e...set=298
cache hit for 0x2147608916x..tag=0x0008001e..set=298
cache miss for 0x2147608920x..tag=0x0008001e...set=299
cache hit for 0x2147608924x..tag=0x0008001e..set=299
cache hit for 0x2147567780x..tag=0x00080014..set=276
cache miss for 0x2147567784x..tag=0x00080014...set=277
cache hit for 0x2147567788x..tag=0x00080014..set=277
cache miss for 0x2147567792x..tag=0x00080014...set=278
cache hit for 0x2147567796x..tag=0x00080014..set=278
cache miss for 0x2147567808x..tag=0x00080014...set=280
cache hit for 0x2147567812x..tag=0x00080014..set=280
cache miss for 0x2147567816x..tag=0x00080014...set=281
cache hit for 0x2147567820x..tag=0x00080014..set=281
cache miss for 0x2147567824x..tag=0x00080014...set=282
cache hit for 0x2147567828x..tag=0x00080014..set=282
cache miss for 0x2147567832x..tag=0x00080014...set=283
cache hit for 0x2147567836x..tag=0x00080014..set=283
cache miss for 0x2147567840x..tag=0x00080014...set=284
cache hit for 0x2147567844x..tag=0x00080014..set=284
cache miss for 0x2147567848x..tag=0x00080014...set=285
cache hit for 0x2147567852x..tag=0x00080014..set=285
cache miss for 0x2147567856x..tag=0x00080014...set=286
cache hit for 0x2147567860x..tag=0x00080014..set=286
cache miss for 0x2147567864x..tag=0x00080014...set=287
cache hit for 0x2147567868x..tag=0x00080014..set=287
cache miss for 0x2147567872x..tag=0x00080014...set=288
cache hit for 0x2147567876x..tag=0x00080014..set=288
cache miss for 0x2147567880x..tag=0x00080014...set=289
cache hit for 0x2147567884x..tag=0x00080014..set=289
cache miss for 0x2147567888x..tag=0x00080014...set=290
cache hit for 0x2147567892x..tag=0x00080014..set=290
cache miss for 0x2147567896x..tag=0x00080014...set=291
cache hit for 0x2147567900x..tag=0x00080014..set=291
cache miss for 0x2147567904x..tag=0x00080014...set=292
cache hit for 0x2147567908x..tag=0x00080014..set=292
cache miss for 0x2147567912x..tag=0x00080014...set=293
cache hit for 0x2147567916x..tag=0x00080014..set=293
cache miss for 0x2147567920x..tag=0x00080014...set=294
cache hit for 0x2147567924x..tag=0x00080014..set=294
cache miss for 0x2147567928x..tag=0x00080014...set=295
cache hit for 0x2147567932x..tag=0x00080014..set=295
cache miss for 0x2147567936x..tag=0x00080014...set=296
cache hit for 0x2147567940x..tag=0x00080014..set=296
cache miss for 0x2147567944x..tag=0x00080014...set=297
cache miss for 0x2149746160x..tag=0x00080228...set=190
cache hit for 0x2149746164x..tag=0x00080228..set=190
cache miss for 0x2149746168x..tag=0x00080228...set=191
cache hit for 0x2149746172x..tag=0x00080228..set=191
cache miss for 0x2149746176x..tag=0x00080228...set=192
cache hit for 0x2149746180x..tag=0x00080228..set=192
cache miss for 0x2149746184x..tag=0x00080228...set=193
cache hit for 0x2149746188x..tag=0x00080228..set=193
cache miss for 0x2149746192x..tag=0x00080228...set=194
cache hit for 0x2149746196x..tag=0x00080228..set=194
cache miss for 0x2149746200x..tag=0x00080228...set=195
cache hit for 0x2149746204x..tag=0x00080228..set=195
cache miss for 0x2149746208x..tag=0x00080228...set=196
cache hit for 0x2149746212x..tag=0x00080228..set=196
cache hit for 0x2147567948x..tag=0x00080014..set=297
cache miss for 0x2147554168x..tag=0x00080011...set=111
cache hit for 0x2147554172x..tag=0x00080011..set=111
cache miss for 0x2147554176x..tag=0x00080011...set=112
cache hit for 0x2147554180x..tag=0x00080011..set=112
cache miss for 0x2147554184x..tag=0x00080011...set=113
cache hit for 0x2147554188x..tag=0x00080011..set=113
cache miss for 0x2147554192x..tag=0x00080011...set=114
cache hit for 0x2147554196x..tag=0x00080011..set=114
cache miss for 0x2147554200x..tag=0x00080011...set=115
cache hit for 0x2147554204x..tag=0x00080011..set=115
cache miss for 0x2147554208x..tag=0x00080011...set=116
cache hit for 0x2147554212x..tag=0x00080011..set=116
cache miss for 0x2147554216x..tag=0x00080011...set=117
cache hit for 0x2147554220x..tag=0x00080011..set=117
cache miss for 0x2147609024x..tag=0x0008001e...set=312
cache miss for 0x2147554224x..tag=0x00080011...set=118
cache hit for 0x2147554228x..tag=0x00080011..set=118
cache miss for 0x2147554232x..tag=0x00080011...set=119
cache hit for 0x2147554236x..tag=0x00080011..set=119
cache miss for 0x2147554240x..tag=0x00080011...set=120
cache hit for 0x2147554244x..tag=0x00080011..set=120
cache miss for 0x2147554248x..tag=0x00080011...set=121
cache hit for 0x2147554252x..tag=0x00080011..set=121
cache miss for 0x2147554256x..tag=0x00080011...set=122
cache hit for 0x2147554260x..tag=0x00080011..set=122
cache miss for 0x2147554264x..tag=0x00080011...set=123
cache miss for 0x2147567952x..tag=0x00080014...set=298
cache hit for 0x2147567956x..tag=0x00080014..set=298
cache miss for 0x2147567960x..tag=0x00080014...set=299
cache hit for 0x2147567964x..tag=0x00080014..set=299
cache miss for 0x2152690832x..tag=0x000804f7...set=146
cache hit for 0x2152690836x..tag=0x000804f7..set=146
cache miss for 0x2152690840x..tag=0x000804f7...set=147
cache hit for 0x2152690844x..tag=0x000804f7..set=147
cache miss for 0x2152690848x..tag=0x000804f7...set=148
cache hit for 0x2152690852x..tag=0x000804f7..set=148
cache miss for 0x2152690856x..tag=0x000804f7...set=149
cache hit for 0x2152690860x..tag=0x000804f7..set=149
cache miss for 0x2152690864x..tag=0x000804f7...set=150
cache hit for 0x2152690868x..tag=0x000804f7..set=150
cache miss for 0x2152690872x..tag=0x000804f7...set=151
cache hit for 0x2152690876x..tag=0x000804f7..set=151
cache miss for 0x2152690880x..tag=0x000804f7...set=152
cache miss for 0x2147871000x..tag=0x0008005e...set=291
cache hit for 0x2147871004x..tag=0x0008005e..set=291
cache miss for 0x2147871008x..tag=0x0008005e...set=292
cache hit for 0x2147871012x..tag=0x0008005e..set=292
cache miss for 0x2147871016x..tag=0x0008005e...set=293
cache hit for 0x2147871020x..tag=0x0008005e..set=293
cache miss for 0x2147871024x..tag=0x0008005e...set=294
cache hit for 0x2147871028x..tag=0x0008005e..set=294
cache miss for 0x2147871032x..tag=0x0008005e...set=295
cache hit for 0x2147871036x..tag=0x0008005e..set=295
cache miss for 0x2147871040x..tag=0x0008005e...set=296
cache hit for 0x2147871044x..tag=0x0008005e..set=296
cache miss for 0x2147871048x..tag=0x0008005e...set=297
cache hit for 0x2147871052x..tag=0x0008005e..set=297
cache miss for 0x2147871056x..tag=0x0008005e...set=298
cache hit for 0x2147871060x..tag=0x0008005e..set=298
cache miss for 0x2147871064x..tag=0x0008005e...set=299
cache hit for 0x2147871068x..tag=0x0008005e..set=299
cache miss for 0x2147871072x..tag=0x0008005e...set=300
cache hit for 0x2147871076x..tag=0x0008005e..set=300
cache miss for 0x2147871080x..tag=0x0008005e...set=301
cache hit for 0x2147871084x..tag=0x0008005e..set=301
cache miss for 0x2147871088x..tag=0x0008005e...set=302
cache hit for 0x2147871092x..tag=0x0008005e..set=302
cache miss for 0x2147871096x..tag=0x0008005e...set=303
cache hit for 0x2147871100x..tag=0x0008005e..set=303
cache miss for 0x2147871104x..tag=0x0008005e...set=304
cache hit for 0x2147871108x..tag=0x0008005e..set=304
cache miss for 0x2147871112x..tag=0x0008005e...set=305
cache miss for 0x2152719032x..tag=0x000804fe...set=87
cache hit for 0x2152719036x..tag=0x000804fe..set=87
cache miss for 0x2152719040x..tag=0x000804fe...set=88
cache hit for 0x2152719044x..tag=0x000804fe..set=88
cache miss for 0x2152719048x..tag=0x000804fe...set=89
cache hit for 0x2152719052x..tag=0x000804fe..set=89
cache miss for 0x2152719056x..tag=0x000804fe...set=90
cache hit for 0x2152719060x..tag=0x000804fe..set=90
cache miss for 0x2152719064x..tag=0x000804fe...set=91
cache hit for 0x2152719068x..tag=0x000804fe..set=91
cache miss for 0x2152719072x..tag=0x000804fe...set=92
cache hit for 0x2152719076x..tag=0x000804fe..set=92
cache miss for 0x2152719080x..tag=0x000804fe...set=93
cache hit for 0x2152719084x..tag=0x000804fe..set=93
cache miss for 0x2152719088x..tag=0x000804fe...set=94
cache hit for 0x2152719092x..tag=0x000804fe..set=94
cache miss for 0x2152719112x..tag=0x000804fe...set=97
cache hit for 0x2152719116x..tag=0x000804fe..set=97
cache hit for 0x2147871116x..tag=0x0008005e..set=305
cache miss for 0x2147871120x..tag=0x0008005e...set=306
cache hit for 0x2147871124x..tag=0x0008005e..set=306
cache miss for 0x2147871128x..tag=0x0008005e...set=307
cache hit for 0x2147871132x..tag=0x0008005e..set=307
cache miss for 0x2147871136x..tag=0x0008005e...set=308
cache hit for 0x2147871140x..tag=0x0008005e..set=308
cache miss for 0x2147871144x..tag=0x0008005e...set=309
cache hit for 0x2147871148x..tag=0x0008005e..set=309
cache miss for 0x2147871152x..tag=0x0008005e...set=310
cache hit for 0x2147871156x..tag=0x0008005e..set=310
cache miss for 0x2147871160x..tag=0x0008005e...set=311
cache hit for 0x2147871164x..tag=0x0008005e..set=311
cache miss for 0x2149787716x..tag=0x00080232...set=264
cache miss for 0x2149787720x..tag=0x00080232...set=265
cache hit for 0x2149787724x..tag=0x00080232..set=265
cache miss for 0x2149786592x..tag=0x00080232...set=124
cache hit for 0x2149786596x..tag=0x00080232..set=124
cache miss for 0x2149786600x..tag=0x00080232...set=125
cache hit for 0x2149786604x..tag=0x00080232..set=125
cache miss for 0x2149786608x..tag=0x00080232...set=126
cache hit for 0x2149786612x..tag=0x00080232..set=126
cache miss for 0x2149786616x..tag=0x00080232...set=127
cache hit for 0x2149786620x..tag=0x00080232..set=127
cache miss for 0x2149786624x..tag=0x00080232...set=128
cache hit for 0x2149786628x..tag=0x00080232..set=128
cache miss for 0x2149786632x..tag=0x00080232...set=129
cache hit for 0x2149786636x..tag=0x00080232..set=129
cache miss for 0x2149786640x..tag=0x00080232...set=130
cache hit for 0x2149786644x..tag=0x00080232..set=130
cache miss for 0x2149786648x..tag=0x00080232...set=131
cache hit for 0x2149786652x..tag=0x00080232..set=131
cache miss for 0x2149786656x..tag=0x00080232...set=132
cache hit for 0x2149786660x..tag=0x00080232..set=132
cache miss for 0x2149786664x..tag=0x00080232...set=133
cache hit for 0x2149786668x..tag=0x00080232..set=133
cache miss for 0x2149786672x..tag=0x00080232...set=134
cache hit for 0x2149786676x..tag=0x00080232..set=134
cache miss for 0x2149786680x..tag=0x00080232...set=135
cache hit for 0x2149786684x..tag=0x00080232..set=135
cache miss for 0x2149786688x..tag=0x00080232...set=136
cache hit for 0x2149786692x..tag=0x00080232..set=136
cache miss for 0x2149786696x..tag=0x00080232...set=137
cache hit for 0x2149786700x..tag=0x00080232..set=137
cache miss for 0x2149775432x..tag=0x0008022f...set=265
cache hit for 0x2149775436x..tag=0x0008022f..set=265
cache miss for 0x2149775440x..tag=0x0008022f...set=266
cache hit for 0x2149775444x..tag=0x0008022f..set=266
cache miss for 0x2149775448x..tag=0x0008022f...set=267
cache hit for 0x2149775452x..tag=0x0008022f..set=267
cache miss for 0x2149775456x..tag=0x0008022f...set=268
cache hit for 0x2149775460x..tag=0x0008022f..set=268
cache miss for 0x2149775464x..tag=0x0008022f...set=269
cache hit for 0x2149775468x..tag=0x0008022f..set=269
cache miss for 0x2149775472x..tag=0x0008022f...set=270
cache hit for 0x2149775476x..tag=0x0008022f..set=270
cache miss for 0x2149775480x..tag=0x0008022f...set=271
cache hit for 0x2149775484x..tag=0x0008022f..set=271
cache miss for 0x2149775488x..tag=0x0008022f...set=272
cache hit for 0x2149775492x..tag=0x0008022f..set=272
cache miss for 0x2149775496x..tag=0x0008022f...set=273
cache hit for 0x2149775500x..tag=0x0008022f..set=273
cache miss for 0x2149775512x..tag=0x0008022f...set=275
cache hit for 0x2149775516x..tag=0x0008022f..set=275
cache miss for 0x2149775520x..tag=0x0008022f...set=276
cache hit for 0x2149775524x..tag=0x0008022f..set=276
cache miss for 0x2149775528x..tag=0x0008022f...set=277
cache hit for 0x2149775532x..tag=0x0008022f..set=277
cache miss for 0x2149775504x..tag=0x0008022f...set=274
cache hit for 0x2149775508x..tag=0x0008022f..set=274
cache hit for 0x2149775512x..tag=0x0008022f..set=275
cache hit for 0x2149775516x..tag=0x0008022f..set=275
cache hit for 0x2149775520x..tag=0x0008022f..set=276
cache hit for 0x2149775524x..tag=0x0008022f..set=276
cache hit for 0x2149775528x..tag=0x0008022f..set=277
cache hit for 0x2149775532x..tag=0x0008022f..set=277
cache hit for 0x2149775504x..tag=0x0008022f..set=274
cache hit for 0x2149775508x..tag=0x0008022f..set=274
cache hit for 0x2149775512x..tag=0x0008022f..set=275
cache hit for 0x2149775516x..tag=0x0008022f..set=275
cache hit for 0x2149775520x..tag=0x0008022f..set=276
cache hit for 0x2149775524x..tag=0x0008022f..set=276
cache hit for 0x2149775528x..tag=0x0008022f..set=277
cache hit for 0x2149775532x..tag=0x0008022f..set=277
cache hit for 0x2149775504x..tag=0x0008022f..set=274
cache hit for 0x2149775508x..tag=0x0008022f..set=274
cache miss for 0x2149776176x..tag=0x0008022f...set=358
cache hit for 0x2149776180x..tag=0x0008022f..set=358
cache miss for 0x2149775536x..tag=0x0008022f...set=278
cache hit for 0x2149775540x..tag=0x0008022f..set=278
cache miss for 0x2149775544x..tag=0x0008022f...set=279
cache miss for 0x2149786704x..tag=0x00080232...set=138
cache hit for 0x2149786708x..tag=0x00080232..set=138
cache miss for 0x2149786712x..tag=0x00080232...set=139
cache hit for 0x2149786716x..tag=0x00080232..set=139
cache miss for 0x2149786720x..tag=0x00080232...set=140
cache miss for 0x2149787296x..tag=0x00080232...set=212
cache hit for 0x2149787300x..tag=0x00080232..set=212
cache miss for 0x2149787304x..tag=0x00080232...set=213
cache hit for 0x2149787308x..tag=0x00080232..set=213
cache miss for 0x2149787312x..tag=0x00080232...set=214
cache hit for 0x2149787316x..tag=0x00080232..set=214
cache miss for 0x2149787320x..tag=0x00080232...set=215
cache hit for 0x2149787324x..tag=0x00080232..set=215
cache miss for 0x2149743968x..tag=0x00080227...set=428
cache hit for 0x2149743972x..tag=0x00080227..set=428
cache miss for 0x2149743976x..tag=0x00080227...set=429
cache miss for 0x2149744156x..tag=0x00080227...set=451
cache miss for 0x2149744160x..tag=0x00080227...set=452
cache hit for 0x2149744164x..tag=0x00080227..set=452
cache miss for 0x2149744168x..tag=0x00080227...set=453
cache hit for 0x2149744172x..tag=0x00080227..set=453
cache miss for 0x2149744176x..tag=0x00080227...set=454
cache hit for 0x2149744180x..tag=0x00080227..set=454
cache miss for 0x2149744184x..tag=0x00080227...set=455
cache miss for 0x2149787328x..tag=0x00080232...set=216
cache hit for 0x2149787332x..tag=0x00080232..set=216
cache miss for 0x2149787336x..tag=0x00080232...set=217
cache hit for 0x2149787340x..tag=0x00080232..set=217
cache hit for 0x2149786684x..tag=0x00080232..set=135
cache hit for 0x2149786688x..tag=0x00080232..set=136
cache hit for 0x2149786692x..tag=0x00080232..set=136
cache hit for 0x2149786696x..tag=0x00080232..set=137
cache hit for 0x2149786700x..tag=0x00080232..set=137
cache hit for 0x2149775432x..tag=0x0008022f..set=265
cache hit for 0x2149775436x..tag=0x0008022f..set=265
cache hit for 0x2149775440x..tag=0x0008022f..set=266
cache hit for 0x2149775444x..tag=0x0008022f..set=266
cache hit for 0x2149775448x..tag=0x0008022f..set=267
cache hit for 0x2149775452x..tag=0x0008022f..set=267
cache hit for 0x2149775456x..tag=0x0008022f..set=268
cache hit for 0x2149775460x..tag=0x0008022f..set=268
cache hit for 0x2149775464x..tag=0x0008022f..set=269
cache hit for 0x2149775468x..tag=0x0008022f..set=269
cache hit for 0x2149775472x..tag=0x0008022f..set=270
cache hit for 0x2149775476x..tag=0x0008022f..set=270
cache hit for 0x2149775480x..tag=0x0008022f..set=271
cache hit for 0x2149775484x..tag=0x0008022f..set=271
cache hit for 0x2149775488x..tag=0x0008022f..set=272
cache hit for 0x2149775492x..tag=0x0008022f..set=272
cache miss for 0x2149776184x..tag=0x0008022f...set=359
cache hit for 0x2149776188x..tag=0x0008022f..set=359
cache miss for 0x2149776192x..tag=0x0008022f...set=360
cache hit for 0x2149776196x..tag=0x0008022f..set=360
cache miss for 0x2149776200x..tag=0x0008022f...set=361
cache hit for 0x2149776204x..tag=0x0008022f..set=361
cache miss for 0x2149776208x..tag=0x0008022f...set=362
cache hit for 0x2149776212x..tag=0x0008022f..set=362
cache miss for 0x2149776216x..tag=0x0008022f...set=363
cache hit for 0x2149776220x..tag=0x0008022f..set=363
cache miss for 0x2149776224x..tag=0x0008022f...set=364
cache miss for 0x2149776436x..tag=0x0008022f...set=390
cache miss for 0x2149776440x..tag=0x0008022f...set=391
cache hit for 0x2149776444x..tag=0x0008022f..set=391
cache miss for 0x2149776448x..tag=0x0008022f...set=392
cache hit for 0x2149776452x..tag=0x0008022f..set=392
cache miss for 0x2149776456x..tag=0x0008022f...set=393
cache hit for 0x2149776460x..tag=0x0008022f..set=393
cache miss for 0x2149776464x..tag=0x0008022f...set=394
cache hit for 0x2149776468x..tag=0x0008022f..set=394
cache miss for 0x2149776472x..tag=0x0008022f...set=395
cache miss for 0x2149775588x..tag=0x0008022f...set=284
cache miss for 0x2149775592x..tag=0x0008022f...set=285
cache hit for 0x2149775596x..tag=0x0008022f..set=285
cache miss for 0x2149775600x..tag=0x0008022f...set=286
cache hit for 0x2149775604x..tag=0x0008022f..set=286
cache miss for 0x2149775608x..tag=0x0008022f...set=287
cache hit for 0x2149775612x..tag=0x0008022f..set=287
cache miss for 0x2149775616x..tag=0x0008022f...set=288
cache hit for 0x2149775620x..tag=0x0008022f..set=288
cache miss for 0x2149775624x..tag=0x0008022f...set=289
cache hit for 0x2149775628x..tag=0x0008022f..set=289
cache miss for 0x2149775632x..tag=0x0008022f...set=290
cache hit for 0x2149775636x..tag=0x0008022f..set=290
cache miss for 0x2149775640x..tag=0x0008022f...set=291
cache hit for 0x2149775644x..tag=0x0008022f..set=291
cache miss for 0x2149775648x..tag=0x0008022f...set=292
cache hit for 0x2149775652x..tag=0x0008022f..set=292
cache miss for 0x2149775688x..tag=0x0008022f...set=297
cache hit for 0x2149775692x..tag=0x0008022f..set=297
cache miss for 0x2149775696x..tag=0x0008022f...set=298
cache hit for 0x2149775700x..tag=0x0008022f..set=298
cache miss for 0x2149775704x..tag=0x0008022f...set=299
cache hit for 0x2149775708x..tag=0x0008022f..set=299
cache miss for 0x2149776060x..tag=0x0008022f...set=343
cache miss for 0x2149776064x..tag=0x0008022f...set=344
cache hit for 0x2149776068x..tag=0x0008022f..set=344
cache miss for 0x2149776072x..tag=0x0008022f...set=345
cache hit for 0x2149776076x..tag=0x0008022f..set=345
cache miss for 0x2149776080x..tag=0x0008022f...set=346
cache hit for 0x2149776084x..tag=0x0008022f..set=346
cache miss for 0x2149776088x..tag=0x0008022f...set=347
cache hit for 0x2149776092x..tag=0x0008022f..set=347
cache miss for 0x2149776096x..tag=0x0008022f...set=348
cache hit for 0x2149776100x..tag=0x0008022f..set=348
cache miss for 0x2149776104x..tag=0x0008022f...set=349
cache hit for 0x2149776108x..tag=0x0008022f..set=349
cache miss for 0x2149776112x..tag=0x0008022f...set=350
cache hit for 0x2149776116x..tag=0x0008022f..set=350
cache miss for 0x2149776120x..tag=0x0008022f...set=351
cache hit for 0x2149776124x..tag=0x0008022f..set=351
cache miss for 0x2149776128x..tag=0x0008022f...set=352
cache hit for 0x2149776132x..tag=0x0008022f..set=352
cache miss for 0x2149776136x..tag=0x0008022f...set=353
cache hit for 0x2149776140x..tag=0x0008022f..set=353
cache miss for 0x2149776144x..tag=0x0008022f...set=354
cache hit for 0x2149776148x..tag=0x0008022f..set=354
cache miss for 0x2149776152x..tag=0x0008022f...set=355
cache hit for 0x2149776156x..tag=0x0008022f..set=355
cache miss for 0x2149776160x..tag=0x0008022f...set=356
cache hit for 0x2149776164x..tag=0x0008022f..set=356
cache miss for 0x2149776168x..tag=0x0008022f...set=357
cache hit for 0x2149776172x..tag=0x0008022f..set=357
cache hit for 0x2149786704x..tag=0x00080232..set=138
cache hit for 0x2149786708x..tag=0x00080232..set=138
cache hit for 0x2149786712x..tag=0x00080232..set=139
cache hit for 0x2149786716x..tag=0x00080232..set=139
cache hit for 0x2149786720x..tag=0x00080232..set=140
cache miss for 0x2149787344x..tag=0x00080232...set=218
cache hit for 0x2149787348x..tag=0x00080232..set=218
cache miss for 0x2149787352x..tag=0x00080232...set=219
cache miss for 0x2149787476x..tag=0x00080232...set=234
cache miss for 0x2149787480x..tag=0x00080232...set=235
cache hit for 0x2149787484x..tag=0x00080232..set=235
cache miss for 0x2149787488x..tag=0x00080232...set=236
cache hit for 0x2149787492x..tag=0x00080232..set=236
cache miss for 0x2149787424x..tag=0x00080232...set=228
cache hit for 0x2149787428x..tag=0x00080232..set=228
cache miss for 0x2149787432x..tag=0x00080232...set=229
cache hit for 0x2149787436x..tag=0x00080232..set=229
cache miss for 0x2149787440x..tag=0x00080232...set=230
cache hit for 0x2149787444x..tag=0x00080232..set=230
cache miss for 0x2149787448x..tag=0x00080232...set=231
cache hit for 0x2149787452x..tag=0x00080232..set=231
cache miss for 0x2149787456x..tag=0x00080232...set=232
cache hit for 0x2149787460x..tag=0x00080232..set=232
cache miss for 0x2149778528x..tag=0x00080230...set=140
cache hit for 0x2149778532x..tag=0x00080230..set=140
cache miss for 0x2149778536x..tag=0x00080230...set=141
cache hit for 0x2149778540x..tag=0x00080230..set=141
cache miss for 0x2149778544x..tag=0x00080230...set=142
cache hit for 0x2149778548x..tag=0x00080230..set=142
cache miss for 0x2149778552x..tag=0x00080230...set=143
cache hit for 0x2149778556x..tag=0x00080230..set=143
cache miss for 0x2149778560x..tag=0x00080230...set=144
cache hit for 0x2149778564x..tag=0x00080230..set=144
cache miss for 0x2149778568x..tag=0x00080230...set=145
cache hit for 0x2149778572x..tag=0x00080230..set=145
cache miss for 0x2149778576x..tag=0x00080230...set=146
cache hit for 0x2149778580x..tag=0x00080230..set=146
cache miss for 0x2149778584x..tag=0x00080230...set=147
cache hit for 0x2149778588x..tag=0x00080230..set=147
cache miss for 0x2149778604x..tag=0x00080230...set=149
cache miss for 0x2149778608x..tag=0x00080230...set=150
cache hit for 0x2149778612x..tag=0x00080230..set=150
cache miss for 0x2149778616x..tag=0x00080230...set=151
cache hit for 0x2149778620x..tag=0x00080230..set=151
cache miss for 0x2149778624x..tag=0x00080230...set=152
cache hit for 0x2149778628x..tag=0x00080230..set=152
cache miss for 0x2149778632x..tag=0x00080230...set=153
cache hit for 0x2149778636x..tag=0x00080230..set=153
cache miss for 0x2149778640x..tag=0x00080230...set=154
cache hit for 0x2149778644x..tag=0x00080230..set=154
cache miss for 0x2149778648x..tag=0x00080230...set=155
cache hit for 0x2149778652x..tag=0x00080230..set=155
cache miss for 0x2149778656x..tag=0x00080230...set=156
cache hit for 0x2149778660x..tag=0x00080230..set=156
cache miss for 0x2149778664x..tag=0x00080230...set=157
cache miss for 0x2149778736x..tag=0x00080230...set=166
cache hit for 0x2149778740x..tag=0x00080230..set=166
cache miss for 0x2149778744x..tag=0x00080230...set=167
cache hit for 0x2149778748x..tag=0x00080230..set=167
cache miss for 0x2149778788x..tag=0x00080230...set=172
cache miss for 0x2149778792x..tag=0x00080230...set=173
cache hit for 0x2149778796x..tag=0x00080230..set=173
cache miss for 0x2149778800x..tag=0x00080230...set=174
cache hit for 0x2149778804x..tag=0x00080230..set=174
cache miss for 0x2149778808x..tag=0x00080230...set=175
cache hit for 0x2149778812x..tag=0x00080230..set=175
cache miss for 0x2149778816x..tag=0x00080230...set=176
cache hit for 0x2149778820x..tag=0x00080230..set=176
cache miss for 0x2149778824x..tag=0x00080230...set=177
cache hit for 0x2149778828x..tag=0x00080230..set=177
cache miss for 0x2149778832x..tag=0x00080230...set=178
cache hit for 0x2149778836x..tag=0x00080230..set=178
cache miss for 0x2149778840x..tag=0x00080230...set=179
cache hit for 0x2149778844x..tag=0x00080230..set=179
cache miss for 0x2149778848x..tag=0x00080230...set=180
cache hit for 0x2149778852x..tag=0x00080230..set=180
cache miss for 0x2149778856x..tag=0x00080230...set=181
cache hit for 0x2149778860x..tag=0x00080230..set=181
cache miss for 0x2149778864x..tag=0x00080230...set=182
cache hit for 0x2149778868x..tag=0x00080230..set=182
cache miss for 0x2149778872x..tag=0x00080230...set=183
cache hit for 0x2149778876x..tag=0x00080230..set=183
cache miss for 0x2149778880x..tag=0x00080230...set=184
cache hit for 0x2149778884x..tag=0x00080230..set=184
cache miss for 0x2149778888x..tag=0x00080230...set=185
cache hit for 0x2149778892x..tag=0x00080230..set=185
cache miss for 0x2149778896x..tag=0x00080230...set=186
cache hit for 0x2149778900x..tag=0x00080230..set=186
cache miss for 0x2149778904x..tag=0x00080230...set=187
cache miss for 0x2149778956x..tag=0x00080230...set=193
cache miss for 0x2149778960x..tag=0x00080230...set=194
cache hit for 0x2149778964x..tag=0x00080230..set=194
cache miss for 0x2149778980x..tag=0x00080230...set=196
cache miss for 0x2149778984x..tag=0x00080230...set=197
cache hit for 0x2149778988x..tag=0x00080230..set=197
cache miss for 0x2149779016x..tag=0x00080230...set=201
cache hit for 0x2149779020x..tag=0x00080230..set=201
cache miss for 0x2149779024x..tag=0x00080230...set=202
cache hit for 0x2149779028x..tag=0x00080230..set=202
cache miss for 0x2149779032x..tag=0x00080230...set=203
cache hit for 0x2149779036x..tag=0x00080230..set=203
cache miss for 0x2149779040x..tag=0x00080230...set=204
cache hit for 0x2149779044x..tag=0x00080230..set=204
cache miss for 0x2149779048x..tag=0x00080230...set=205
cache hit for 0x2149779052x..tag=0x00080230..set=205
cache miss for 0x2149779056x..tag=0x00080230...set=206
cache miss for 0x2149779092x..tag=0x00080230...set=210
cache miss for 0x2149779096x..tag=0x00080230...set=211
cache hit for 0x2149779100x..tag=0x00080230..set=211
cache miss for 0x2149779104x..tag=0x00080230...set=212
cache hit for 0x2149779108x..tag=0x00080230..set=212
cache miss for 0x2149779144x..tag=0x00080230...set=217
cache hit for 0x2149779148x..tag=0x00080230..set=217
cache miss for 0x2149779152x..tag=0x00080230...set=218
cache hit for 0x2149779156x..tag=0x00080230..set=218
cache miss for 0x2149779160x..tag=0x00080230...set=219
cache hit for 0x2149779164x..tag=0x00080230..set=219
cache miss for 0x2149779168x..tag=0x00080230...set=220
cache hit for 0x2149779172x..tag=0x00080230..set=220
cache miss for 0x2149779176x..tag=0x00080230...set=221
cache hit for 0x2149779180x..tag=0x00080230..set=221
cache miss for 0x2149779184x..tag=0x00080230...set=222
cache hit for 0x2149779188x..tag=0x00080230..set=222
cache miss for 0x2149779192x..tag=0x00080230...set=223
cache hit for 0x2149779196x..tag=0x00080230..set=223
cache miss for 0x2149779200x..tag=0x00080230...set=224
cache hit for 0x2149779204x..tag=0x00080230..set=224
cache miss for 0x2149779208x..tag=0x00080230...set=225
cache hit for 0x2149779212x..tag=0x00080230..set=225
cache miss for 0x2149779588x..tag=0x00080230...set=272
cache miss for 0x2149779592x..tag=0x00080230...set=273
cache miss for 0x2149779252x..tag=0x00080230...set=230
cache miss for 0x2149779256x..tag=0x00080230...set=231
cache miss for 0x2149787464x..tag=0x00080232...set=233
cache hit for 0x2149787468x..tag=0x00080232..set=233
cache hit for 0x2149787472x..tag=0x00080232..set=234
cache hit for 0x2149786684x..tag=0x00080232..set=135
cache hit for 0x2149786688x..tag=0x00080232..set=136
cache hit for 0x2149786692x..tag=0x00080232..set=136
cache hit for 0x2149786696x..tag=0x00080232..set=137
cache hit for 0x2149786700x..tag=0x00080232..set=137
cache hit for 0x2149775432x..tag=0x0008022f..set=265
cache hit for 0x2149775436x..tag=0x0008022f..set=265
cache hit for 0x2149775440x..tag=0x0008022f..set=266
cache hit for 0x2149775444x..tag=0x0008022f..set=266
cache hit for 0x2149775448x..tag=0x0008022f..set=267
cache hit for 0x2149775452x..tag=0x0008022f..set=267
cache hit for 0x2149775456x..tag=0x0008022f..set=268
cache hit for 0x2149775460x..tag=0x0008022f..set=268
cache hit for 0x2149775464x..tag=0x0008022f..set=269
cache hit for 0x2149775468x..tag=0x0008022f..set=269
cache hit for 0x2149775472x..tag=0x0008022f..set=270
cache hit for 0x2149775476x..tag=0x0008022f..set=270
cache hit for 0x2149775480x..tag=0x0008022f..set=271
cache hit for 0x2149775484x..tag=0x0008022f..set=271
cache hit for 0x2149775488x..tag=0x0008022f..set=272
cache hit for 0x2149775492x..tag=0x0008022f..set=272
cache hit for 0x2149775496x..tag=0x0008022f..set=273
cache hit for 0x2149775500x..tag=0x0008022f..set=273
cache hit for 0x2149775512x..tag=0x0008022f..set=275
cache hit for 0x2149775516x..tag=0x0008022f..set=275
cache hit for 0x2149775520x..tag=0x0008022f..set=276
cache hit for 0x2149775524x..tag=0x0008022f..set=276
cache hit for 0x2149775528x..tag=0x0008022f..set=277
cache hit for 0x2149775532x..tag=0x0008022f..set=277
cache hit for 0x2149775504x..tag=0x0008022f..set=274
cache hit for 0x2149775508x..tag=0x0008022f..set=274
cache hit for 0x2149775512x..tag=0x0008022f..set=275
cache hit for 0x2149775516x..tag=0x0008022f..set=275
cache hit for 0x2149775520x..tag=0x0008022f..set=276
cache hit for 0x2149775524x..tag=0x0008022f..set=276
cache hit for 0x2149775528x..tag=0x0008022f..set=277
cache hit for 0x2149775532x..tag=0x0008022f..set=277
cache hit for 0x2149775504x..tag=0x0008022f..set=274
cache hit for 0x2149775508x..tag=0x0008022f..set=274
cache hit for 0x2149775512x..tag=0x0008022f..set=275
cache hit for 0x2149775516x..tag=0x0008022f..set=275
cache hit for 0x2149775520x..tag=0x0008022f..set=276
cache hit for 0x2149775524x..tag=0x0008022f..set=276
cache hit for 0x2149775528x..tag=0x0008022f..set=277
cache hit for 0x2149775532x..tag=0x0008022f..set=277
cache hit for 0x2149775504x..tag=0x0008022f..set=274
cache hit for 0x2149775508x..tag=0x0008022f..set=274
cache hit for 0x2149775512x..tag=0x0008022f..set=275
cache hit for 0x2149775516x..tag=0x0008022f..set=275
cache hit for 0x2149775520x..tag=0x0008022f..set=276
cache hit for 0x2149775524x..tag=0x0008022f..set=276
cache hit for 0x2149775528x..tag=0x0008022f..set=277
cache hit for 0x2149775532x..tag=0x0008022f..set=277
cache hit for 0x2149775504x..tag=0x0008022f..set=274
cache hit for 0x2149775508x..tag=0x0008022f..set=274
cache hit for 0x2149775512x..tag=0x0008022f..set=275
cache hit for 0x2149775516x..tag=0x0008022f..set=275
cache hit for 0x2149775520x..tag=0x0008022f..set=276
cache hit for 0x2149775524x..tag=0x0008022f..set=276
cache hit for 0x2149775528x..tag=0x0008022f..set=277
cache hit for 0x2149775532x..tag=0x0008022f..set=277
cache hit for 0x2149775504x..tag=0x0008022f..set=274
cache hit for 0x2149775508x..tag=0x0008022f..set=274
cache hit for 0x2149775512x..tag=0x0008022f..set=275
cache hit for 0x2149775516x..tag=0x0008022f..set=275
cache hit for 0x2149775520x..tag=0x0008022f..set=276
cache hit for 0x2149775524x..tag=0x0008022f..set=276
cache hit for 0x2149775528x..tag=0x0008022f..set=277
cache hit for 0x2149775532x..tag=0x0008022f..set=277
cache hit for 0x2149775504x..tag=0x0008022f..set=274
cache hit for 0x2149775508x..tag=0x0008022f..set=274
cache hit for 0x2149775512x..tag=0x0008022f..set=275
cache hit for 0x2149775516x..tag=0x0008022f..set=275
cache hit for 0x2149775520x..tag=0x0008022f..set=276
cache hit for 0x2149775524x..tag=0x0008022f..set=276
cache hit for 0x2149775528x..tag=0x0008022f..set=277
cache hit for 0x2149775532x..tag=0x0008022f..set=277
cache hit for 0x2149775504x..tag=0x0008022f..set=274
cache hit for 0x2149775508x..tag=0x0008022f..set=274
cache hit for 0x2149775512x..tag=0x0008022f..set=275
cache hit for 0x2149775516x..tag=0x0008022f..set=275
cache hit for 0x2149775520x..tag=0x0008022f..set=276
cache hit for 0x2149775524x..tag=0x0008022f..set=276
cache hit for 0x2149775528x..tag=0x0008022f..set=277
cache hit for 0x2149775532x..tag=0x0008022f..set=277
cache hit for 0x2149775504x..tag=0x0008022f..set=274
cache hit for 0x2149775508x..tag=0x0008022f..set=274
cache hit for 0x2149775512x..tag=0x0008022f..set=275
cache hit for 0x2149775516x..tag=0x0008022f..set=275
cache hit for 0x2149775520x..tag=0x0008022f..set=276
cache hit for 0x2149775524x..tag=0x0008022f..set=276
cache hit for 0x2149775528x..tag=0x0008022f..set=277
cache hit for 0x2149775532x..tag=0x0008022f..set=277
cache hit for 0x2149775504x..tag=0x0008022f..set=274
cache hit for 0x2149775508x..tag=0x0008022f..set=274
cache hit for 0x2149775512x..tag=0x0008022f..set=275
cache hit for 0x2149775516x..tag=0x0008022f..set=275
cache hit for 0x2149775520x..tag=0x0008022f..set=276
cache hit for 0x2149775524x..tag=0x0008022f..set=276
cache hit for 0x2149775528x..tag=0x0008022f..set=277
cache hit for 0x2149775532x..tag=0x0008022f..set=277
cache hit for 0x2149775504x..tag=0x0008022f..set=274
cache hit for 0x2149775508x..tag=0x0008022f..set=274
cache hit for 0x2149775512x..tag=0x0008022f..set=275
cache hit for 0x2149775516x..tag=0x0008022f..set=275
cache hit for 0x2149775520x..tag=0x0008022f..set=276
cache hit for 0x2149775524x..tag=0x0008022f..set=276
cache hit for 0x2149775528x..tag=0x0008022f..set=277
cache hit for 0x2149775532x..tag=0x0008022f..set=277
cache hit for 0x2149775504x..tag=0x0008022f..set=274
cache hit for 0x2149775508x..tag=0x0008022f..set=274
cache hit for 0x2149775512x..tag=0x0008022f..set=275
cache hit for 0x2149775516x..tag=0x0008022f..set=275
cache hit for 0x2149775520x..tag=0x0008022f..set=276
cache hit for 0x2149775524x..tag=0x0008022f..set=276
cache hit for 0x2149775528x..tag=0x0008022f..set=277
cache hit for 0x2149775532x..tag=0x0008022f..set=277
cache hit for 0x2149775504x..tag=0x0008022f..set=274
cache hit for 0x2149775508x..tag=0x0008022f..set=274
cache hit for 0x2149775512x..tag=0x0008022f..set=275
cache hit for 0x2149775516x..tag=0x0008022f..set=275
cache hit for 0x2149775520x..tag=0x0008022f..set=276
cache hit for 0x2149775524x..tag=0x0008022f..set=276
cache hit for 0x2149775528x..tag=0x0008022f..set=277
cache hit for 0x2149775532x..tag=0x0008022f..set=277
cache hit for 0x2149775504x..tag=0x0008022f..set=274
cache hit for 0x2149775508x..tag=0x0008022f..set=274
cache hit for 0x2149775512x..tag=0x0008022f..set=275
cache hit for 0x2149775516x..tag=0x0008022f..set=275
cache hit for 0x2149775520x..tag=0x0008022f..set=276
cache hit for 0x2149775524x..tag=0x0008022f..set=276
cache hit for 0x2149775528x..tag=0x0008022f..set=277
cache hit for 0x2149775532x..tag=0x0008022f..set=277
cache hit for 0x2149775504x..tag=0x0008022f..set=274
cache hit for 0x2149775508x..tag=0x0008022f..set=274
cache hit for 0x2149775512x..tag=0x0008022f..set=275
cache hit for 0x2149775516x..tag=0x0008022f..set=275
cache hit for 0x2149775520x..tag=0x0008022f..set=276
cache hit for 0x2149775524x..tag=0x0008022f..set=276
cache hit for 0x2149775528x..tag=0x0008022f..set=277
cache hit for 0x2149775532x..tag=0x0008022f..set=277
cache hit for 0x2149775504x..tag=0x0008022f..set=274
cache hit for 0x2149775508x..tag=0x0008022f..set=274
cache hit for 0x2149775512x..tag=0x0008022f..set=275
cache hit for 0x2149775516x..tag=0x0008022f..set=275
cache hit for 0x2149775520x..tag=0x0008022f..set=276
cache hit for 0x2149775524x..tag=0x0008022f..set=276
cache hit for 0x2149775528x..tag=0x0008022f..set=277
cache hit for 0x2149775532x..tag=0x0008022f..set=277
cache hit for 0x2149775504x..tag=0x0008022f..set=274
cache hit for 0x2149775508x..tag=0x0008022f..set=274
cache hit for 0x2149775512x..tag=0x0008022f..set=275
cache hit for 0x2149775516x..tag=0x0008022f..set=275
cache hit for 0x2149775520x..tag=0x0008022f..set=276
cache hit for 0x2149775524x..tag=0x0008022f..set=276
cache hit for 0x2149775528x..tag=0x0008022f..set=277
cache hit for 0x2149775532x..tag=0x0008022f..set=277
cache hit for 0x2149775504x..tag=0x0008022f..set=274
cache hit for 0x2149775508x..tag=0x0008022f..set=274
cache hit for 0x2149775512x..tag=0x0008022f..set=275
cache hit for 0x2149775516x..tag=0x0008022f..set=275
cache hit for 0x2149775520x..tag=0x0008022f..set=276
cache hit for 0x2149775524x..tag=0x0008022f..set=276
cache hit for 0x2149775528x..tag=0x0008022f..set=277
cache hit for 0x2149775532x..tag=0x0008022f..set=277
cache hit for 0x2149775504x..tag=0x0008022f..set=274
cache hit for 0x2149775508x..tag=0x0008022f..set=274
cache hit for 0x2149775512x..tag=0x0008022f..set=275
cache hit for 0x2149775516x..tag=0x0008022f..set=275
cache hit for 0x2149775520x..tag=0x0008022f..set=276
cache hit for 0x2149775524x..tag=0x0008022f..set=276
cache hit for 0x2149775528x..tag=0x0008022f..set=277
cache hit for 0x2149775532x..tag=0x0008022f..set=277
cache hit for 0x2149775504x..tag=0x0008022f..set=274
cache hit for 0x2149775508x..tag=0x0008022f..set=274
cache hit for 0x2149775512x..tag=0x0008022f..set=275
cache hit for 0x2149775516x..tag=0x0008022f..set=275
cache hit for 0x2149775520x..tag=0x0008022f..set=276
cache hit for 0x2149775524x..tag=0x0008022f..set=276
cache hit for 0x2149775528x..tag=0x0008022f..set=277
cache hit for 0x2149775532x..tag=0x0008022f..set=277
cache hit for 0x2149775504x..tag=0x0008022f..set=274
cache hit for 0x2149775508x..tag=0x0008022f..set=274
cache hit for 0x2149775512x..tag=0x0008022f..set=275
cache hit for 0x2149775516x..tag=0x0008022f..set=275
cache hit for 0x2149775520x..tag=0x0008022f..set=276
cache hit for 0x2149775524x..tag=0x0008022f..set=276
cache hit for 0x2149775528x..tag=0x0008022f..set=277
cache hit for 0x2149775532x..tag=0x0008022f..set=277
cache hit for 0x2149775504x..tag=0x0008022f..set=274
cache hit for 0x2149775508x..tag=0x0008022f..set=274
cache hit for 0x2149775512x..tag=0x0008022f..set=275
cache hit for 0x2149775516x..tag=0x0008022f..set=275
cache hit for 0x2149775520x..tag=0x0008022f..set=276
cache hit for 0x2149775524x..tag=0x0008022f..set=276
cache hit for 0x2149775528x..tag=0x0008022f..set=277
cache hit for 0x2149775532x..tag=0x0008022f..set=277
cache hit for 0x2149775504x..tag=0x0008022f..set=274
cache hit for 0x2149775508x..tag=0x0008022f..set=274
cache hit for 0x2149775512x..tag=0x0008022f..set=275
cache hit for 0x2149775516x..tag=0x0008022f..set=275
cache hit for 0x2149775520x..tag=0x0008022f..set=276
cache hit for 0x2149775524x..tag=0x0008022f..set=276
cache hit for 0x2149775528x..tag=0x0008022f..set=277
cache hit for 0x2149775532x..tag=0x0008022f..set=277
cache hit for 0x2149775504x..tag=0x0008022f..set=274
cache hit for 0x2149775508x..tag=0x0008022f..set=274
cache hit for 0x2149775512x..tag=0x0008022f..set=275
cache hit for 0x2149775516x..tag=0x0008022f..set=275
cache hit for 0x2149775520x..tag=0x0008022f..set=276
cache hit for 0x2149775524x..tag=0x0008022f..set=276
cache hit for 0x2149775528x..tag=0x0008022f..set=277
cache hit for 0x2149775532x..tag=0x0008022f..set=277
cache hit for 0x2149775504x..tag=0x0008022f..set=274
cache hit for 0x2149775508x..tag=0x0008022f..set=274
cache hit for 0x2149775512x..tag=0x0008022f..set=275
cache hit for 0x2149775516x..tag=0x0008022f..set=275
cache hit for 0x2149775520x..tag=0x0008022f..set=276
cache hit for 0x2149775524x..tag=0x0008022f..set=276
cache hit for 0x2149775528x..tag=0x0008022f..set=277
cache hit for 0x2149775532x..tag=0x0008022f..set=277
cache hit for 0x2149775504x..tag=0x0008022f..set=274
cache hit for 0x2149775508x..tag=0x0008022f..set=274
cache hit for 0x2149775512x..tag=0x0008022f..set=275
cache hit for 0x2149775516x..tag=0x0008022f..set=275
cache hit for 0x2149775520x..tag=0x0008022f..set=276
cache hit for 0x2149775524x..tag=0x0008022f..set=276
cache hit for 0x2149775528x..tag=0x0008022f..set=277
cache hit for 0x2149775532x..tag=0x0008022f..set=277
cache hit for 0x2149775504x..tag=0x0008022f..set=274
cache hit for 0x2149775508x..tag=0x0008022f..set=274
cache hit for 0x2149775512x..tag=0x0008022f..set=275
cache hit for 0x2149775516x..tag=0x0008022f..set=275
cache hit for 0x2149775520x..tag=0x0008022f..set=276
cache hit for 0x2149775524x..tag=0x0008022f..set=276
cache hit for 0x2149775528x..tag=0x0008022f..set=277
cache hit for 0x2149775532x..tag=0x0008022f..set=277
cache hit for 0x2149775504x..tag=0x0008022f..set=274
cache hit for 0x2149775508x..tag=0x0008022f..set=274
cache hit for 0x2149775512x..tag=0x0008022f..set=275
cache hit for 0x2149775516x..tag=0x0008022f..set=275
cache hit for 0x2149775520x..tag=0x0008022f..set=276
cache hit for 0x2149775524x..tag=0x0008022f..set=276
cache hit for 0x2149775528x..tag=0x0008022f..set=277
cache hit for 0x2149775532x..tag=0x0008022f..set=277
cache hit for 0x2149775504x..tag=0x0008022f..set=274
cache hit for 0x2149775508x..tag=0x0008022f..set=274
cache hit for 0x2149775512x..tag=0x0008022f..set=275
cache hit for 0x2149775516x..tag=0x0008022f..set=275
cache hit for 0x2149775520x..tag=0x0008022f..set=276
cache hit for 0x2149775524x..tag=0x0008022f..set=276
cache hit for 0x2149775528x..tag=0x0008022f..set=277
cache hit for 0x2149775532x..tag=0x0008022f..set=277
cache hit for 0x2149775536x..tag=0x0008022f..set=278
cache hit for 0x2149775540x..tag=0x0008022f..set=278
cache hit for 0x2149775544x..tag=0x0008022f..set=279
cache hit for 0x2149786704x..tag=0x00080232..set=138
cache hit for 0x2149786708x..tag=0x00080232..set=138
cache hit for 0x2149786712x..tag=0x00080232..set=139
cache hit for 0x2149786716x..tag=0x00080232..set=139
cache hit for 0x2149786720x..tag=0x00080232..set=140
cache hit for 0x2149787296x..tag=0x00080232..set=212
cache hit for 0x2149787300x..tag=0x00080232..set=212
cache hit for 0x2149787304x..tag=0x00080232..set=213
cache hit for 0x2149787308x..tag=0x00080232..set=213
cache hit for 0x2149787312x..tag=0x00080232..set=214
cache hit for 0x2149787316x..tag=0x00080232..set=214
cache hit for 0x2149787320x..tag=0x00080232..set=215
cache hit for 0x2149787324x..tag=0x00080232..set=215
cache hit for 0x2149743968x..tag=0x00080227..set=428
cache hit for 0x2149743972x..tag=0x00080227..set=428
cache hit for 0x2149743976x..tag=0x00080227..set=429
cache hit for 0x2149743980x..tag=0x00080227..set=429
cache miss for 0x2149743984x..tag=0x00080227...set=430
cache hit for 0x2149743988x..tag=0x00080227..set=430
cache miss for 0x2149743992x..tag=0x00080227...set=431
cache hit for 0x2149743996x..tag=0x00080227..set=431
cache miss for 0x2149744236x..tag=0x00080227...set=461
cache miss for 0x2149744240x..tag=0x00080227...set=462
cache hit for 0x2149744244x..tag=0x00080227..set=462
cache miss for 0x2149744248x..tag=0x00080227...set=463
cache hit for 0x2149744252x..tag=0x00080227..set=463
cache miss for 0x2149744256x..tag=0x00080227...set=464
cache hit for 0x2149744260x..tag=0x00080227..set=464
cache miss for 0x2149744392x..tag=0x00080227...set=481
cache hit for 0x2149744396x..tag=0x00080227..set=481
cache miss for 0x2149744400x..tag=0x00080227...set=482
cache hit for 0x2149744404x..tag=0x00080227..set=482
cache miss for 0x2149744408x..tag=0x00080227...set=483
cache hit for 0x2149744412x..tag=0x00080227..set=483
cache miss for 0x2149744416x..tag=0x00080227...set=484
cache hit for 0x2149744420x..tag=0x00080227..set=484
cache hit for 0x2149744400x..tag=0x00080227..set=482
cache hit for 0x2149744404x..tag=0x00080227..set=482
cache hit for 0x2149744408x..tag=0x00080227..set=483
cache hit for 0x2149744412x..tag=0x00080227..set=483
cache hit for 0x2149744416x..tag=0x00080227..set=484
cache hit for 0x2149744420x..tag=0x00080227..set=484
cache hit for 0x2149744400x..tag=0x00080227..set=482
cache hit for 0x2149744404x..tag=0x00080227..set=482
cache hit for 0x2149744408x..tag=0x00080227..set=483
cache hit for 0x2149744412x..tag=0x00080227..set=483
cache hit for 0x2149744416x..tag=0x00080227..set=484
cache hit for 0x2149744420x..tag=0x00080227..set=484
cache hit for 0x2149744400x..tag=0x00080227..set=482
cache hit for 0x2149744404x..tag=0x00080227..set=482
cache hit for 0x2149744408x..tag=0x00080227..set=483
cache hit for 0x2149744412x..tag=0x00080227..set=483
cache hit for 0x2149744416x..tag=0x00080227..set=484
cache hit for 0x2149744420x..tag=0x00080227..set=484
cache hit for 0x2149744400x..tag=0x00080227..set=482
cache hit for 0x2149744404x..tag=0x00080227..set=482
cache hit for 0x2149744408x..tag=0x00080227..set=483
cache hit for 0x2149744412x..tag=0x00080227..set=483
cache hit for 0x2149744416x..tag=0x00080227..set=484
cache hit for 0x2149744420x..tag=0x00080227..set=484
cache hit for 0x2149744400x..tag=0x00080227..set=482
cache hit for 0x2149744404x..tag=0x00080227..set=482
cache hit for 0x2149744408x..tag=0x00080227..set=483
cache hit for 0x2149744412x..tag=0x00080227..set=483
cache hit for 0x2149744416x..tag=0x00080227..set=484
cache hit for 0x2149744420x..tag=0x00080227..set=484
cache hit for 0x2149744400x..tag=0x00080227..set=482
cache hit for 0x2149744404x..tag=0x00080227..set=482
cache hit for 0x2149744408x..tag=0x00080227..set=483
cache hit for 0x2149744412x..tag=0x00080227..set=483
cache hit for 0x2149744416x..tag=0x00080227..set=484
cache hit for 0x2149744420x..tag=0x00080227..set=484
cache miss for 0x2149744424x..tag=0x00080227...set=485
cache hit for 0x2149744428x..tag=0x00080227..set=485
cache hit for 0x2149744156x..tag=0x00080227..set=451
cache hit for 0x2149744160x..tag=0x00080227..set=452
cache hit for 0x2149744164x..tag=0x00080227..set=452
cache hit for 0x2149744168x..tag=0x00080227..set=453
cache hit for 0x2149744172x..tag=0x00080227..set=453
cache hit for 0x2149744176x..tag=0x00080227..set=454
cache hit for 0x2149744180x..tag=0x00080227..set=454
cache hit for 0x2149744184x..tag=0x00080227..set=455
cache hit for 0x2149787328x..tag=0x00080232..set=216
cache hit for 0x2149787332x..tag=0x00080232..set=216
cache hit for 0x2149787336x..tag=0x00080232..set=217
cache hit for 0x2149787340x..tag=0x00080232..set=217
cache hit for 0x2149786684x..tag=0x00080232..set=135
cache hit for 0x2149786688x..tag=0x00080232..set=136
cache miss for 0x2149786832x..tag=0x00080232...set=154
cache hit for 0x2149786836x..tag=0x00080232..set=154
cache miss for 0x2149786840x..tag=0x00080232...set=155
cache hit for 0x2149786844x..tag=0x00080232..set=155
cache miss for 0x2149786848x..tag=0x00080232...set=156
cache hit for 0x2149786852x..tag=0x00080232..set=156
cache miss for 0x2149786856x..tag=0x00080232...set=157
cache hit for 0x2149786860x..tag=0x00080232..set=157
cache miss for 0x2149786864x..tag=0x00080232...set=158
cache hit for 0x2149786868x..tag=0x00080232..set=158
cache miss for 0x2149787728x..tag=0x00080232...set=266
cache hit for 0x2149787732x..tag=0x00080232..set=266
cache miss for 0x2147871168x..tag=0x0008005e...set=312
cache hit for 0x2147871172x..tag=0x0008005e..set=312
cache miss for 0x2147871176x..tag=0x0008005e...set=313
cache hit for 0x2147871180x..tag=0x0008005e..set=313
cache miss for 0x2147871184x..tag=0x0008005e...set=314
cache hit for 0x2147871188x..tag=0x0008005e..set=314
cache miss for 0x2147871192x..tag=0x0008005e...set=315
cache hit for 0x2147871196x..tag=0x0008005e..set=315
cache miss for 0x2147871200x..tag=0x0008005e...set=316
cache hit for 0x2147871204x..tag=0x0008005e..set=316
cache miss for 0x2147871208x..tag=0x0008005e...set=317
cache hit for 0x2147871212x..tag=0x0008005e..set=317
cache miss for 0x2147871216x..tag=0x0008005e...set=318
cache hit for 0x2147871220x..tag=0x0008005e..set=318
cache miss for 0x2147871224x..tag=0x0008005e...set=319
cache hit for 0x2147871228x..tag=0x0008005e..set=319
cache miss for 0x2147871232x..tag=0x0008005e...set=320
cache hit for 0x2147871236x..tag=0x0008005e..set=320
cache miss for 0x2147871240x..tag=0x0008005e...set=321
cache hit for 0x2147871244x..tag=0x0008005e..set=321
cache miss for 0x2147871252x..tag=0x0008005e...set=322
cache miss for 0x2147871256x..tag=0x0008005e...set=323
cache hit for 0x2147871260x..tag=0x0008005e..set=323
cache miss for 0x2147871264x..tag=0x0008005e...set=324
cache hit for 0x2147871268x..tag=0x0008005e..set=324
cache miss for 0x2147871272x..tag=0x0008005e...set=325
cache miss for 0x2147871712x..tag=0x0008005e...set=380
cache hit for 0x2147871716x..tag=0x0008005e..set=380
cache hit for 0x2147871276x..tag=0x0008005e..set=325
cache miss for 0x2147871280x..tag=0x0008005e...set=326
cache hit for 0x2147871284x..tag=0x0008005e..set=326
cache miss for 0x2147871288x..tag=0x0008005e...set=327
cache hit for 0x2147871292x..tag=0x0008005e..set=327
cache miss for 0x2147871296x..tag=0x0008005e...set=328
cache hit for 0x2147871300x..tag=0x0008005e..set=328
cache miss for 0x2147871304x..tag=0x0008005e...set=329
cache hit for 0x2147871308x..tag=0x0008005e..set=329
cache miss for 0x2147871312x..tag=0x0008005e...set=330
cache hit for 0x2147871316x..tag=0x0008005e..set=330
cache miss for 0x2147871320x..tag=0x0008005e...set=331
cache hit for 0x2147871324x..tag=0x0008005e..set=331
cache miss for 0x2147871328x..tag=0x0008005e...set=332
cache hit for 0x2147871332x..tag=0x0008005e..set=332
cache miss for 0x2147871336x..tag=0x0008005e...set=333
cache hit for 0x2147871340x..tag=0x0008005e..set=333
cache miss for 0x2147871344x..tag=0x0008005e...set=334
cache hit for 0x2147871348x..tag=0x0008005e..set=334
cache miss for 0x2147871352x..tag=0x0008005e...set=335
cache miss for 0x2147865284x..tag=0x0008005d...set=88
cache miss for 0x2147865288x..tag=0x0008005d...set=89
cache hit for 0x2147865292x..tag=0x0008005d..set=89
cache miss for 0x2147865296x..tag=0x0008005d...set=90
cache hit for 0x2147865300x..tag=0x0008005d..set=90
cache miss for 0x2147865304x..tag=0x0008005d...set=91
cache hit for 0x2147865308x..tag=0x0008005d..set=91
cache miss for 0x2147865312x..tag=0x0008005d...set=92
cache hit for 0x2147865316x..tag=0x0008005d..set=92
cache miss for 0x2147865320x..tag=0x0008005d...set=93
cache hit for 0x2147865324x..tag=0x0008005d..set=93
cache miss for 0x2147865328x..tag=0x0008005d...set=94
cache hit for 0x2147865332x..tag=0x0008005d..set=94
cache miss for 0x2147865336x..tag=0x0008005d...set=95
cache hit for 0x2147865340x..tag=0x0008005d..set=95
cache miss for 0x2147865344x..tag=0x0008005d...set=96
cache hit for 0x2147865348x..tag=0x0008005d..set=96
cache miss for 0x2147865352x..tag=0x0008005d...set=97
cache hit for 0x2147865356x..tag=0x0008005d..set=97
cache miss for 0x2147865360x..tag=0x0008005d...set=98
cache hit for 0x2147865364x..tag=0x0008005d..set=98
cache miss for 0x2147865368x..tag=0x0008005d...set=99
cache hit for 0x2147865372x..tag=0x0008005d..set=99
cache miss for 0x2147865376x..tag=0x0008005d...set=100
cache hit for 0x2147865380x..tag=0x0008005d..set=100
cache miss for 0x2147865384x..tag=0x0008005d...set=101
cache hit for 0x2147865388x..tag=0x0008005d..set=101
cache miss for 0x2147865392x..tag=0x0008005d...set=102
cache hit for 0x2147865396x..tag=0x0008005d..set=102
cache miss for 0x2147865400x..tag=0x0008005d...set=103
cache hit for 0x2147865404x..tag=0x0008005d..set=103
cache miss for 0x2147865408x..tag=0x0008005d...set=104
cache hit for 0x2147865412x..tag=0x0008005d..set=104
cache miss for 0x2147865460x..tag=0x0008005d...set=110
cache miss for 0x2147865464x..tag=0x0008005d...set=111
cache hit for 0x2147865468x..tag=0x0008005d..set=111
cache miss for 0x2147865472x..tag=0x0008005d...set=112
cache hit for 0x2147865476x..tag=0x0008005d..set=112
cache miss for 0x2147865480x..tag=0x0008005d...set=113
cache hit for 0x2147865484x..tag=0x0008005d..set=113
cache miss for 0x2147865488x..tag=0x0008005d...set=114
cache hit for 0x2147865492x..tag=0x0008005d..set=114
cache miss for 0x2147865496x..tag=0x0008005d...set=115
cache hit for 0x2147865500x..tag=0x0008005d..set=115
cache miss for 0x2147865504x..tag=0x0008005d...set=116
cache hit for 0x2147865508x..tag=0x0008005d..set=116
cache miss for 0x2147865512x..tag=0x0008005d...set=117
cache hit for 0x2147865516x..tag=0x0008005d..set=117
cache miss for 0x2147865520x..tag=0x0008005d...set=118
cache hit for 0x2147865524x..tag=0x0008005d..set=118
cache miss for 0x2147865528x..tag=0x0008005d...set=119
cache hit for 0x2147865532x..tag=0x0008005d..set=119
cache miss for 0x2147865536x..tag=0x0008005d...set=120
cache hit for 0x2149743968x..tag=0x00080227..set=428
cache hit for 0x2149743972x..tag=0x00080227..set=428
cache hit for 0x2149743976x..tag=0x00080227..set=429
cache hit for 0x2149743980x..tag=0x00080227..set=429
cache hit for 0x2149743984x..tag=0x00080227..set=430
cache hit for 0x2149743988x..tag=0x00080227..set=430
cache hit for 0x2149743992x..tag=0x00080227..set=431
cache hit for 0x2149743996x..tag=0x00080227..set=431
cache miss for 0x2149744000x..tag=0x00080227...set=432
cache hit for 0x2149744004x..tag=0x00080227..set=432
cache miss for 0x2149744008x..tag=0x00080227...set=433
cache hit for 0x2149744012x..tag=0x00080227..set=433
cache miss for 0x2149744016x..tag=0x00080227...set=434
cache hit for 0x2149744020x..tag=0x00080227..set=434
cache miss for 0x2149744024x..tag=0x00080227...set=435
cache miss for 0x2149744040x..tag=0x00080227...set=437
cache hit for 0x2149744044x..tag=0x00080227..set=437
cache miss for 0x2149744048x..tag=0x00080227...set=438
cache hit for 0x2149744052x..tag=0x00080227..set=438
cache miss for 0x2149744056x..tag=0x00080227...set=439
cache hit for 0x2149744060x..tag=0x00080227..set=439
cache miss for 0x2149744064x..tag=0x00080227...set=440
cache hit for 0x2149744068x..tag=0x00080227..set=440
cache miss for 0x2149744072x..tag=0x00080227...set=441
cache hit for 0x2149744076x..tag=0x00080227..set=441
cache hit for 0x2149744152x..tag=0x00080227..set=451
cache hit for 0x2149744156x..tag=0x00080227..set=451
cache hit for 0x2149744160x..tag=0x00080227..set=452
cache hit for 0x2149744164x..tag=0x00080227..set=452
cache hit for 0x2149744168x..tag=0x00080227..set=453
cache hit for 0x2149744172x..tag=0x00080227..set=453
cache hit for 0x2149744176x..tag=0x00080227..set=454
cache hit for 0x2149744180x..tag=0x00080227..set=454
cache hit for 0x2149744184x..tag=0x00080227..set=455
cache hit for 0x2147865540x..tag=0x0008005d..set=120
cache miss for 0x2147865544x..tag=0x0008005d...set=121
cache hit for 0x2147865548x..tag=0x0008005d..set=121
cache miss for 0x2147865552x..tag=0x0008005d...set=122
cache hit for 0x2147865556x..tag=0x0008005d..set=122
cache miss for 0x2147865560x..tag=0x0008005d...set=123
cache hit for 0x2147865564x..tag=0x0008005d..set=123
cache hit for 0x2149743968x..tag=0x00080227..set=428
cache hit for 0x2149743972x..tag=0x00080227..set=428
cache hit for 0x2149743976x..tag=0x00080227..set=429
cache hit for 0x2149744156x..tag=0x00080227..set=451
cache hit for 0x2149744160x..tag=0x00080227..set=452
cache hit for 0x2149744164x..tag=0x00080227..set=452
cache hit for 0x2149744168x..tag=0x00080227..set=453
cache hit for 0x2149744172x..tag=0x00080227..set=453
cache hit for 0x2149744176x..tag=0x00080227..set=454
cache hit for 0x2149744180x..tag=0x00080227..set=454
cache hit for 0x2149744184x..tag=0x00080227..set=455
cache miss for 0x2147865568x..tag=0x0008005d...set=124
cache hit for 0x2147865572x..tag=0x0008005d..set=124
cache miss for 0x2147865576x..tag=0x0008005d...set=125
cache hit for 0x2147865580x..tag=0x0008005d..set=125
cache miss for 0x2147865584x..tag=0x0008005d...set=126
cache hit for 0x2147865588x..tag=0x0008005d..set=126
cache miss for 0x2147865592x..tag=0x0008005d...set=127
cache hit for 0x2147865596x..tag=0x0008005d..set=127
cache miss for 0x2147865600x..tag=0x0008005d...set=128
cache hit for 0x2147865604x..tag=0x0008005d..set=128
cache miss for 0x2147865608x..tag=0x0008005d...set=129
cache hit for 0x2147865612x..tag=0x0008005d..set=129
cache miss for 0x2147865616x..tag=0x0008005d...set=130
cache hit for 0x2147865620x..tag=0x0008005d..set=130
cache miss for 0x2147865808x..tag=0x0008005d...set=154
cache hit for 0x2147865812x..tag=0x0008005d..set=154
cache miss for 0x2147810404x..tag=0x0008004f...set=396
cache miss for 0x2147810408x..tag=0x0008004f...set=397
cache hit for 0x2147810412x..tag=0x0008004f..set=397
cache miss for 0x2147810416x..tag=0x0008004f...set=398
cache hit for 0x2147810420x..tag=0x0008004f..set=398
cache miss for 0x2147810424x..tag=0x0008004f...set=399
cache miss for 0x2147959456x..tag=0x00080074...set=84
cache hit for 0x2147959460x..tag=0x00080074..set=84
cache miss for 0x2147959464x..tag=0x00080074...set=85
cache hit for 0x2147959468x..tag=0x00080074..set=85
cache miss for 0x2147959472x..tag=0x00080074...set=86
cache hit for 0x2147959476x..tag=0x00080074..set=86
cache miss for 0x2147959480x..tag=0x00080074...set=87
cache hit for 0x2147959484x..tag=0x00080074..set=87
cache miss for 0x2147959488x..tag=0x00080074...set=88
cache hit for 0x2147959492x..tag=0x00080074..set=88
cache miss for 0x2147959496x..tag=0x00080074...set=89
cache hit for 0x2147959500x..tag=0x00080074..set=89
cache miss for 0x2147959504x..tag=0x00080074...set=90
cache hit for 0x2147959508x..tag=0x00080074..set=90
cache miss for 0x2147959512x..tag=0x00080074...set=91
cache hit for 0x2147959516x..tag=0x00080074..set=91
cache miss for 0x2147959520x..tag=0x00080074...set=92
cache hit for 0x2147959524x..tag=0x00080074..set=92
cache miss for 0x2147959528x..tag=0x00080074...set=93
cache hit for 0x2147959532x..tag=0x00080074..set=93
cache miss for 0x2147959536x..tag=0x00080074...set=94
cache hit for 0x2147959540x..tag=0x00080074..set=94
cache miss for 0x2147959544x..tag=0x00080074...set=95
cache miss for 0x2151452868x..tag=0x000803c9...set=24
cache miss for 0x2151452872x..tag=0x000803c9...set=25
cache hit for 0x2151452876x..tag=0x000803c9..set=25
cache hit for 0x2147959548x..tag=0x00080074..set=95
cache miss for 0x2147959552x..tag=0x00080074...set=96
cache hit for 0x2147959556x..tag=0x00080074..set=96
cache miss for 0x2147959560x..tag=0x00080074...set=97
cache hit for 0x2147959564x..tag=0x00080074..set=97
cache miss for 0x2147959568x..tag=0x00080074...set=98
cache hit for 0x2147959572x..tag=0x00080074..set=98
cache miss for 0x2147959576x..tag=0x00080074...set=99
cache hit for 0x2147959580x..tag=0x00080074..set=99
cache miss for 0x2147959584x..tag=0x00080074...set=100
cache hit for 0x2147959588x..tag=0x00080074..set=100
cache miss for 0x2147959592x..tag=0x00080074...set=101
cache hit for 0x2147959596x..tag=0x00080074..set=101
cache miss for 0x2147959600x..tag=0x00080074...set=102
cache hit for 0x2147959604x..tag=0x00080074..set=102
cache miss for 0x2147959608x..tag=0x00080074...set=103
cache hit for 0x2147959612x..tag=0x00080074..set=103
cache miss for 0x2147959616x..tag=0x00080074...set=104
cache miss for 0x2147865816x..tag=0x0008005d...set=155
cache hit for 0x2147865820x..tag=0x0008005d..set=155
cache miss for 0x2147865824x..tag=0x0008005d...set=156
cache miss for 0x2147865632x..tag=0x0008005d...set=132
cache hit for 0x2147865636x..tag=0x0008005d..set=132
cache miss for 0x2147865640x..tag=0x0008005d...set=133
cache hit for 0x2147865644x..tag=0x0008005d..set=133
cache miss for 0x2147865680x..tag=0x0008005d...set=138
cache hit for 0x2147865684x..tag=0x0008005d..set=138
cache miss for 0x2147865688x..tag=0x0008005d...set=139
cache hit for 0x2147865692x..tag=0x0008005d..set=139
cache miss for 0x2147865696x..tag=0x0008005d...set=140
cache hit for 0x2147865700x..tag=0x0008005d..set=140
cache miss for 0x2147865704x..tag=0x0008005d...set=141
cache hit for 0x2147865708x..tag=0x0008005d..set=141
cache miss for 0x2147865712x..tag=0x0008005d...set=142
cache hit for 0x2147865716x..tag=0x0008005d..set=142
cache miss for 0x2147865720x..tag=0x0008005d...set=143
cache hit for 0x2147865724x..tag=0x0008005d..set=143
cache miss for 0x2147865728x..tag=0x0008005d...set=144
cache hit for 0x2147865732x..tag=0x0008005d..set=144
cache miss for 0x2147865736x..tag=0x0008005d...set=145
cache hit for 0x2147865740x..tag=0x0008005d..set=145
cache hit for 0x2147871356x..tag=0x0008005e..set=335
cache miss for 0x2147868896x..tag=0x0008005e...set=28
cache hit for 0x2147868900x..tag=0x0008005e..set=28
cache miss for 0x2147868904x..tag=0x0008005e...set=29
cache miss for 0x2147855816x..tag=0x0008005a...set=441
cache hit for 0x2147855820x..tag=0x0008005a..set=441
cache miss for 0x2147855824x..tag=0x0008005a...set=442
cache miss for 0x2152719120x..tag=0x000804fe...set=98
cache hit for 0x2152719124x..tag=0x000804fe..set=98
cache miss for 0x2152719128x..tag=0x000804fe...set=99
cache hit for 0x2152719132x..tag=0x000804fe..set=99
cache miss for 0x2152719136x..tag=0x000804fe...set=100
cache hit for 0x2152719140x..tag=0x000804fe..set=100
cache miss for 0x2152719144x..tag=0x000804fe...set=101
cache hit for 0x2152719148x..tag=0x000804fe..set=101
cache miss for 0x2152719152x..tag=0x000804fe...set=102
cache hit for 0x2152719156x..tag=0x000804fe..set=102
cache miss for 0x2152719160x..tag=0x000804fe...set=103
cache hit for 0x2152719164x..tag=0x000804fe..set=103
cache miss for 0x2152719168x..tag=0x000804fe...set=104
cache hit for 0x2152719172x..tag=0x000804fe..set=104
cache miss for 0x2152719176x..tag=0x000804fe...set=105
cache hit for 0x2152719180x..tag=0x000804fe..set=105
cache miss for 0x2152719184x..tag=0x000804fe...set=106
cache hit for 0x2152719188x..tag=0x000804fe..set=106
cache miss for 0x2152719192x..tag=0x000804fe...set=107
cache miss for 0x2152719212x..tag=0x000804fe...set=109
cache miss for 0x2152719216x..tag=0x000804fe...set=110
cache hit for 0x2147855828x..tag=0x0008005a..set=442
cache miss for 0x2147855832x..tag=0x0008005a...set=443
cache hit for 0x2147855836x..tag=0x0008005a..set=443
cache miss for 0x2147855840x..tag=0x0008005a...set=444
cache hit for 0x2147855844x..tag=0x0008005a..set=444
cache miss for 0x2147855848x..tag=0x0008005a...set=445
cache miss for 0x2152719776x..tag=0x000804fe...set=180
cache hit for 0x2152719780x..tag=0x000804fe..set=180
cache miss for 0x2152719784x..tag=0x000804fe...set=181
cache hit for 0x2152719788x..tag=0x000804fe..set=181
cache miss for 0x2152719792x..tag=0x000804fe...set=182
cache hit for 0x2152719796x..tag=0x000804fe..set=182
cache miss for 0x2152719800x..tag=0x000804fe...set=183
cache hit for 0x2152719804x..tag=0x000804fe..set=183
cache miss for 0x2152719808x..tag=0x000804fe...set=184
cache hit for 0x2152719812x..tag=0x000804fe..set=184
cache miss for 0x2152719816x..tag=0x000804fe...set=185
cache hit for 0x2152719820x..tag=0x000804fe..set=185
cache miss for 0x2152719824x..tag=0x000804fe...set=186
cache hit for 0x2152719828x..tag=0x000804fe..set=186
cache miss for 0x2152719832x..tag=0x000804fe...set=187
cache hit for 0x2147855852x..tag=0x0008005a..set=445
cache miss for 0x2147855856x..tag=0x0008005a...set=446
cache hit for 0x2147868908x..tag=0x0008005e..set=29
cache miss for 0x2147868912x..tag=0x0008005e...set=30
cache hit for 0x2147868916x..tag=0x0008005e..set=30
cache miss for 0x2147868920x..tag=0x0008005e...set=31
cache hit for 0x2147868924x..tag=0x0008005e..set=31
cache miss for 0x2147868928x..tag=0x0008005e...set=32
cache hit for 0x2147868932x..tag=0x0008005e..set=32
cache miss for 0x2147868936x..tag=0x0008005e...set=33
cache hit for 0x2147868940x..tag=0x0008005e..set=33
cache miss for 0x2147868944x..tag=0x0008005e...set=34
cache hit for 0x2147868948x..tag=0x0008005e..set=34
cache miss for 0x2147868952x..tag=0x0008005e...set=35
cache hit for 0x2147868956x..tag=0x0008005e..set=35
cache miss for 0x2147868960x..tag=0x0008005e...set=36
cache miss for 0x2147871360x..tag=0x0008005e...set=336
cache hit for 0x2147871364x..tag=0x0008005e..set=336
cache miss for 0x2147871368x..tag=0x0008005e...set=337
cache hit for 0x2147871372x..tag=0x0008005e..set=337
cache miss for 0x2147871376x..tag=0x0008005e...set=338
cache hit for 0x2147871380x..tag=0x0008005e..set=338
cache miss for 0x2147871384x..tag=0x0008005e...set=339
cache hit for 0x2147871388x..tag=0x0008005e..set=339
cache miss for 0x2147871392x..tag=0x0008005e...set=340
cache hit for 0x2147871396x..tag=0x0008005e..set=340
cache miss for 0x2147871400x..tag=0x0008005e...set=341
cache hit for 0x2147871404x..tag=0x0008005e..set=341
cache miss for 0x2147871408x..tag=0x0008005e...set=342
cache hit for 0x2147871412x..tag=0x0008005e..set=342
cache miss for 0x2147871416x..tag=0x0008005e...set=343
cache hit for 0x2147871420x..tag=0x0008005e..set=343
cache miss for 0x2147871856x..tag=0x0008005e...set=398
cache hit for 0x2147871860x..tag=0x0008005e..set=398
cache miss for 0x2147871864x..tag=0x0008005e...set=399
cache hit for 0x2147871868x..tag=0x0008005e..set=399
cache miss for 0x2147871872x..tag=0x0008005e...set=400
cache hit for 0x2147871876x..tag=0x0008005e..set=400
cache miss for 0x2147871880x..tag=0x0008005e...set=401
cache hit for 0x2147871884x..tag=0x0008005e..set=401
cache miss for 0x2147871888x..tag=0x0008005e...set=402
cache hit for 0x2147871892x..tag=0x0008005e..set=402
cache miss for 0x2147871896x..tag=0x0008005e...set=403
cache hit for 0x2147871900x..tag=0x0008005e..set=403
cache miss for 0x2147871904x..tag=0x0008005e...set=404
cache hit for 0x2147871908x..tag=0x0008005e..set=404
cache miss for 0x2147871912x..tag=0x0008005e...set=405
cache hit for 0x2147871916x..tag=0x0008005e..set=405
cache miss for 0x2152719716x..tag=0x000804fe...set=172
cache miss for 0x2152719720x..tag=0x000804fe...set=173
cache hit for 0x2152719724x..tag=0x000804fe..set=173
cache miss for 0x2152719728x..tag=0x000804fe...set=174
cache hit for 0x2152719732x..tag=0x000804fe..set=174
cache miss for 0x2152719736x..tag=0x000804fe...set=175
cache hit for 0x2152719740x..tag=0x000804fe..set=175
cache miss for 0x2152719744x..tag=0x000804fe...set=176
cache hit for 0x2152719748x..tag=0x000804fe..set=176
cache miss for 0x2152719752x..tag=0x000804fe...set=177
cache hit for 0x2152719756x..tag=0x000804fe..set=177
cache miss for 0x2152719760x..tag=0x000804fe...set=178
cache hit for 0x2152719764x..tag=0x000804fe..set=178
cache miss for 0x2152719768x..tag=0x000804fe...set=179
cache miss for 0x2147871920x..tag=0x0008005e...set=406
cache hit for 0x2147871924x..tag=0x0008005e..set=406
cache miss for 0x2147856196x..tag=0x0008005a...set=488
cache miss for 0x2147856200x..tag=0x0008005a...set=489
cache hit for 0x2147856204x..tag=0x0008005a..set=489
cache miss for 0x2147856208x..tag=0x0008005a...set=490
cache hit for 0x2152719120x..tag=0x000804fe..set=98
cache hit for 0x2152719124x..tag=0x000804fe..set=98
cache hit for 0x2152719128x..tag=0x000804fe..set=99
cache hit for 0x2152719132x..tag=0x000804fe..set=99
cache hit for 0x2152719136x..tag=0x000804fe..set=100
cache hit for 0x2152719140x..tag=0x000804fe..set=100
cache hit for 0x2152719144x..tag=0x000804fe..set=101
cache hit for 0x2152719148x..tag=0x000804fe..set=101
cache hit for 0x2152719152x..tag=0x000804fe..set=102
cache hit for 0x2152719156x..tag=0x000804fe..set=102
cache hit for 0x2152719160x..tag=0x000804fe..set=103
cache hit for 0x2152719164x..tag=0x000804fe..set=103
cache hit for 0x2152719168x..tag=0x000804fe..set=104
cache hit for 0x2152719172x..tag=0x000804fe..set=104
cache hit for 0x2152719176x..tag=0x000804fe..set=105
cache hit for 0x2152719180x..tag=0x000804fe..set=105
cache hit for 0x2152719184x..tag=0x000804fe..set=106
cache hit for 0x2152719188x..tag=0x000804fe..set=106
cache hit for 0x2152719192x..tag=0x000804fe..set=107
cache hit for 0x2152719212x..tag=0x000804fe..set=109
cache hit for 0x2152719216x..tag=0x000804fe..set=110
cache hit for 0x2147856212x..tag=0x0008005a..set=490
cache miss for 0x2147856216x..tag=0x0008005a...set=491
cache hit for 0x2147856220x..tag=0x0008005a..set=491
cache miss for 0x2147856224x..tag=0x0008005a...set=492
cache hit for 0x2147856228x..tag=0x0008005a..set=492
cache miss for 0x2147856232x..tag=0x0008005a...set=493
cache hit for 0x2147856236x..tag=0x0008005a..set=493
cache miss for 0x2147856240x..tag=0x0008005a...set=494
cache hit for 0x2147856244x..tag=0x0008005a..set=494
cache miss for 0x2147856248x..tag=0x0008005a...set=495
cache hit for 0x2147856252x..tag=0x0008005a..set=495
cache miss for 0x2147856256x..tag=0x0008005a...set=496
cache hit for 0x2152719776x..tag=0x000804fe..set=180
cache hit for 0x2152719780x..tag=0x000804fe..set=180
cache hit for 0x2152719784x..tag=0x000804fe..set=181
cache hit for 0x2152719788x..tag=0x000804fe..set=181
cache hit for 0x2152719792x..tag=0x000804fe..set=182
cache hit for 0x2152719796x..tag=0x000804fe..set=182
cache hit for 0x2152719800x..tag=0x000804fe..set=183
cache hit for 0x2152719804x..tag=0x000804fe..set=183
cache hit for 0x2152719808x..tag=0x000804fe..set=184
cache hit for 0x2152719812x..tag=0x000804fe..set=184
cache hit for 0x2152719816x..tag=0x000804fe..set=185
cache hit for 0x2152719820x..tag=0x000804fe..set=185
cache hit for 0x2152719824x..tag=0x000804fe..set=186
cache hit for 0x2152719828x..tag=0x000804fe..set=186
cache hit for 0x2152719832x..tag=0x000804fe..set=187
cache miss for 0x2147871928x..tag=0x0008005e...set=407
cache miss for 0x2147871448x..tag=0x0008005e...set=347
cache hit for 0x2147871452x..tag=0x0008005e..set=347
cache miss for 0x2147871456x..tag=0x0008005e...set=348
cache hit for 0x2147871460x..tag=0x0008005e..set=348
cache hit for 0x2152690884x..tag=0x000804f7..set=152
cache miss for 0x2152690888x..tag=0x000804f7...set=153
cache hit for 0x2152690892x..tag=0x000804f7..set=153
cache miss for 0x2152690896x..tag=0x000804f7...set=154
cache miss for 0x2147567968x..tag=0x00080014...set=300
cache hit for 0x2147567972x..tag=0x00080014..set=300
cache miss for 0x2147567976x..tag=0x00080014...set=301
cache hit for 0x2147567980x..tag=0x00080014..set=301
cache miss for 0x2147567984x..tag=0x00080014...set=302
cache hit for 0x2147567988x..tag=0x00080014..set=302
cache miss for 0x2147567992x..tag=0x00080014...set=303
cache hit for 0x2147567996x..tag=0x00080014..set=303
cache miss for 0x2147568000x..tag=0x00080014...set=304
cache hit for 0x2147568004x..tag=0x00080014..set=304
cache miss for 0x2147616864x..tag=0x00080020...set=268
cache hit for 0x2147616868x..tag=0x00080020..set=268
cache miss for 0x2147616872x..tag=0x00080020...set=269
cache hit for 0x2147616876x..tag=0x00080020..set=269
cache miss for 0x2147616880x..tag=0x00080020...set=270
cache miss for 0x2147616784x..tag=0x00080020...set=258
cache hit for 0x2147616788x..tag=0x00080020..set=258
cache miss for 0x2147616792x..tag=0x00080020...set=259
cache hit for 0x2147616796x..tag=0x00080020..set=259
cache miss for 0x2147616800x..tag=0x00080020...set=260
cache hit for 0x2147616804x..tag=0x00080020..set=260
cache miss for 0x2147616808x..tag=0x00080020...set=261
cache hit for 0x2147616812x..tag=0x00080020..set=261
cache miss for 0x2147616816x..tag=0x00080020...set=262
cache hit for 0x2147616820x..tag=0x00080020..set=262
cache miss for 0x2147607220x..tag=0x0008001e...set=86
cache miss for 0x2147607224x..tag=0x0008001e...set=87
cache hit for 0x2147607228x..tag=0x0008001e..set=87
cache miss for 0x2147607232x..tag=0x0008001e...set=88
cache hit for 0x2147607236x..tag=0x0008001e..set=88
cache miss for 0x2147607240x..tag=0x0008001e...set=89
cache hit for 0x2147607244x..tag=0x0008001e..set=89
cache miss for 0x2147607248x..tag=0x0008001e...set=90
cache hit for 0x2147607252x..tag=0x0008001e..set=90
cache miss for 0x2147607256x..tag=0x0008001e...set=91
cache hit for 0x2147607260x..tag=0x0008001e..set=91
cache miss for 0x2147607264x..tag=0x0008001e...set=92
cache hit for 0x2147607268x..tag=0x0008001e..set=92
cache miss for 0x2147607272x..tag=0x0008001e...set=93
cache miss for 0x2147616824x..tag=0x00080020...set=263
cache hit for 0x2147616828x..tag=0x00080020..set=263
cache miss for 0x2147616832x..tag=0x00080020...set=264
cache hit for 0x2147616836x..tag=0x00080020..set=264
cache miss for 0x2147616840x..tag=0x00080020...set=265
cache hit for 0x2147616844x..tag=0x00080020..set=265
cache miss for 0x2147616848x..tag=0x00080020...set=266
cache hit for 0x2147616852x..tag=0x00080020..set=266
cache hit for 0x2147616884x..tag=0x00080020..set=270
cache miss for 0x2147616888x..tag=0x00080020...set=271
cache miss for 0x2152719032x..tag=0x000804fe...set=87
cache hit for 0x2152719036x..tag=0x000804fe..set=87
cache miss for 0x2152719040x..tag=0x000804fe...set=88
cache hit for 0x2152719044x..tag=0x000804fe..set=88
cache miss for 0x2152719048x..tag=0x000804fe...set=89
cache hit for 0x2152719052x..tag=0x000804fe..set=89
cache miss for 0x2152719056x..tag=0x000804fe...set=90
cache hit for 0x2152719060x..tag=0x000804fe..set=90
cache miss for 0x2152719064x..tag=0x000804fe...set=91
cache hit for 0x2152719068x..tag=0x000804fe..set=91
