17:42:47 **** Build of configuration Debug for project ArmVersatileExpress ****
make all 
Building file: ../modelSupport/tlmProcessor/1.0/tlm2.0/tlmProcessor.cpp
Invoking: GCC C++ Compiler
g++ -I/home/uzair/huawei_workspace/OVPsim/setup/Imperas.20150901/ImperasLib/source -I/home/uzair/huawei_workspace/OVPsim/setup/Imperas.20150901/ImpPublic/include/host -I/usr/local/systemc-2.3.1/include -O0 -g3 -Wall -c -fmessage-length=0 -m32 -Wno-long-long -DSC_INCLUDE_DYNAMIC_PROCESSES -D_CRT_SECURE_NO_WARNINGS -D_CRT_SECURE_NO_DEPRECATE -MMD -MP -MF"modelSupport/tlmProcessor/1.0/tlm2.0/tlmProcessor.d" -MT"modelSupport/tlmProcessor/1.0/tlm2.0/tlmProcessor.d" -o "modelSupport/tlmProcessor/1.0/tlm2.0/tlmProcessor.o" "../modelSupport/tlmProcessor/1.0/tlm2.0/tlmProcessor.cpp"
Finished building: ../modelSupport/tlmProcessor/1.0/tlm2.0/tlmProcessor.cpp
 
Building file: ../modelSupport/tlmPlatform/1.0/tlm2.0/tlmPlatform.cpp
Invoking: GCC C++ Compiler
g++ -I/home/uzair/huawei_workspace/OVPsim/setup/Imperas.20150901/ImperasLib/source -I/home/uzair/huawei_workspace/OVPsim/setup/Imperas.20150901/ImpPublic/include/host -I/usr/local/systemc-2.3.1/include -O0 -g3 -Wall -c -fmessage-length=0 -m32 -Wno-long-long -DSC_INCLUDE_DYNAMIC_PROCESSES -D_CRT_SECURE_NO_WARNINGS -D_CRT_SECURE_NO_DEPRECATE -MMD -MP -MF"modelSupport/tlmPlatform/1.0/tlm2.0/tlmPlatform.d" -MT"modelSupport/tlmPlatform/1.0/tlm2.0/tlmPlatform.d" -o "modelSupport/tlmPlatform/1.0/tlm2.0/tlmPlatform.o" "../modelSupport/tlmPlatform/1.0/tlm2.0/tlmPlatform.cpp"
Finished building: ../modelSupport/tlmPlatform/1.0/tlm2.0/tlmPlatform.cpp
 
Building file: ../modelSupport/tlmPeripheral/1.0/tlm2.0/tlmPeripheral.cpp
Invoking: GCC C++ Compiler
g++ -I/home/uzair/huawei_workspace/OVPsim/setup/Imperas.20150901/ImperasLib/source -I/home/uzair/huawei_workspace/OVPsim/setup/Imperas.20150901/ImpPublic/include/host -I/usr/local/systemc-2.3.1/include -O0 -g3 -Wall -c -fmessage-length=0 -m32 -Wno-long-long -DSC_INCLUDE_DYNAMIC_PROCESSES -D_CRT_SECURE_NO_WARNINGS -D_CRT_SECURE_NO_DEPRECATE -MMD -MP -MF"modelSupport/tlmPeripheral/1.0/tlm2.0/tlmPeripheral.d" -MT"modelSupport/tlmPeripheral/1.0/tlm2.0/tlmPeripheral.d" -o "modelSupport/tlmPeripheral/1.0/tlm2.0/tlmPeripheral.o" "../modelSupport/tlmPeripheral/1.0/tlm2.0/tlmPeripheral.cpp"
Finished building: ../modelSupport/tlmPeripheral/1.0/tlm2.0/tlmPeripheral.cpp
 
Building file: ../modelSupport/tlmMMC/1.0/tlm2.0/tlmMmc.cpp
Invoking: GCC C++ Compiler
g++ -I/home/uzair/huawei_workspace/OVPsim/setup/Imperas.20150901/ImperasLib/source -I/home/uzair/huawei_workspace/OVPsim/setup/Imperas.20150901/ImpPublic/include/host -I/usr/local/systemc-2.3.1/include -O0 -g3 -Wall -c -fmessage-length=0 -m32 -Wno-long-long -DSC_INCLUDE_DYNAMIC_PROCESSES -D_CRT_SECURE_NO_WARNINGS -D_CRT_SECURE_NO_DEPRECATE -MMD -MP -MF"modelSupport/tlmMMC/1.0/tlm2.0/tlmMmc.d" -MT"modelSupport/tlmMMC/1.0/tlm2.0/tlmMmc.d" -o "modelSupport/tlmMMC/1.0/tlm2.0/tlmMmc.o" "../modelSupport/tlmMMC/1.0/tlm2.0/tlmMmc.cpp"
Finished building: ../modelSupport/tlmMMC/1.0/tlm2.0/tlmMmc.cpp
 
Building file: ../host/icm/icmCpuManager.cpp
Invoking: GCC C++ Compiler
g++ -I/home/uzair/huawei_workspace/OVPsim/setup/Imperas.20150901/ImperasLib/source -I/home/uzair/huawei_workspace/OVPsim/setup/Imperas.20150901/ImpPublic/include/host -I/usr/local/systemc-2.3.1/include -O0 -g3 -Wall -c -fmessage-length=0 -m32 -Wno-long-long -DSC_INCLUDE_DYNAMIC_PROCESSES -D_CRT_SECURE_NO_WARNINGS -D_CRT_SECURE_NO_DEPRECATE -MMD -MP -MF"host/icm/icmCpuManager.d" -MT"host/icm/icmCpuManager.d" -o "host/icm/icmCpuManager.o" "../host/icm/icmCpuManager.cpp"
Finished building: ../host/icm/icmCpuManager.cpp
 
Building file: ../1.0/tlm2.0/tlmMemory.cpp
Invoking: GCC C++ Compiler
g++ -I/home/uzair/huawei_workspace/OVPsim/setup/Imperas.20150901/ImperasLib/source -I/home/uzair/huawei_workspace/OVPsim/setup/Imperas.20150901/ImpPublic/include/host -I/usr/local/systemc-2.3.1/include -O0 -g3 -Wall -c -fmessage-length=0 -m32 -Wno-long-long -DSC_INCLUDE_DYNAMIC_PROCESSES -D_CRT_SECURE_NO_WARNINGS -D_CRT_SECURE_NO_DEPRECATE -MMD -MP -MF"1.0/tlm2.0/tlmMemory.d" -MT"1.0/tlm2.0/tlmMemory.d" -o "1.0/tlm2.0/tlmMemory.o" "../1.0/tlm2.0/tlmMemory.cpp"
Finished building: ../1.0/tlm2.0/tlmMemory.cpp
 
Building file: ../platform.cpp
Invoking: GCC C++ Compiler
g++ -I/home/uzair/huawei_workspace/OVPsim/setup/Imperas.20150901/ImperasLib/source -I/home/uzair/huawei_workspace/OVPsim/setup/Imperas.20150901/ImpPublic/include/host -I/usr/local/systemc-2.3.1/include -O0 -g3 -Wall -c -fmessage-length=0 -m32 -Wno-long-long -DSC_INCLUDE_DYNAMIC_PROCESSES -D_CRT_SECURE_NO_WARNINGS -D_CRT_SECURE_NO_DEPRECATE -MMD -MP -MF"platform.d" -MT"platform.d" -o "platform.o" "../platform.cpp"
Finished building: ../platform.cpp
 
Building target: ArmVersatileExpress
Invoking: GCC C++ Linker
g++ -L/home/uzair/huawei_workspace/OVPsim/setup/Imperas.20150901/bin/Linux32 -L/usr/local/systemc-2.3.1/lib-linux/ -m32 -o "ArmVersatileExpress"  ./modelSupport/tlmProcessor/1.0/tlm2.0/tlmProcessor.o  ./modelSupport/tlmPlatform/1.0/tlm2.0/tlmPlatform.o  ./modelSupport/tlmPeripheral/1.0/tlm2.0/tlmPeripheral.o  ./modelSupport/tlmMMC/1.0/tlm2.0/tlmMmc.o  ./host/icm/icmCpuManager.o  ./1.0/tlm2.0/tlmMemory.o  ./platform.o   -lsystemc -lRuntimeLoader
Finished building target: ArmVersatileExpress
 

17:42:54 Build Finished (took 7s.20ms)

